{"d:\\Workspace\\Laicos\\Source\\ibhs\\post_disaster\\data_collector_admin\\api\\responses\\badRequest.js":{"path":"d:\\Workspace\\Laicos\\Source\\ibhs\\post_disaster\\data_collector_admin\\api\\responses\\badRequest.js","s":{"1":1,"2":0,"3":0,"4":0,"5":0,"6":0,"7":0,"8":0,"9":0,"10":0,"11":0,"12":0,"13":0,"14":0,"15":0,"16":0,"17":0},"b":{"1":[0,0],"2":[0,0],"3":[0,0],"4":[0,0],"5":[0,0],"6":[0,0]},"f":{"1":0,"2":0},"fnMap":{"1":{"name":"badRequest","line":18,"loc":{"start":{"line":18,"column":17},"end":{"line":18,"column":52}}},"2":{"name":"couldNotGuessView","line":59,"loc":{"start":{"line":59,"column":44},"end":{"line":59,"column":74}}}},"statementMap":{"1":{"start":{"line":18,"column":0},"end":{"line":63,"column":2}},"2":{"start":{"line":21,"column":2},"end":{"line":21,"column":21}},"3":{"start":{"line":22,"column":2},"end":{"line":22,"column":21}},"4":{"start":{"line":23,"column":2},"end":{"line":23,"column":25}},"5":{"start":{"line":26,"column":2},"end":{"line":26,"column":18}},"6":{"start":{"line":29,"column":2},"end":{"line":32,"column":65}},"7":{"start":{"line":30,"column":4},"end":{"line":30,"column":71}},"8":{"start":{"line":32,"column":7},"end":{"line":32,"column":65}},"9":{"start":{"line":37,"column":2},"end":{"line":39,"column":3}},"10":{"start":{"line":38,"column":4},"end":{"line":38,"column":21}},"11":{"start":{"line":42,"column":2},"end":{"line":44,"column":3}},"12":{"start":{"line":43,"column":4},"end":{"line":43,"column":27}},"13":{"start":{"line":48,"column":2},"end":{"line":48,"column":78}},"14":{"start":{"line":53,"column":2},"end":{"line":61,"column":5}},"15":{"start":{"line":54,"column":4},"end":{"line":54,"column":50}},"16":{"start":{"line":59,"column":7},"end":{"line":61,"column":5}},"17":{"start":{"line":60,"column":4},"end":{"line":60,"column":27}}},"branchMap":{"1":{"line":29,"type":"if","locations":[{"start":{"line":29,"column":2},"end":{"line":29,"column":2}},{"start":{"line":29,"column":2},"end":{"line":29,"column":2}}]},"2":{"line":37,"type":"if","locations":[{"start":{"line":37,"column":2},"end":{"line":37,"column":2}},{"start":{"line":37,"column":2},"end":{"line":37,"column":2}}]},"3":{"line":42,"type":"if","locations":[{"start":{"line":42,"column":2},"end":{"line":42,"column":2}},{"start":{"line":42,"column":2},"end":{"line":42,"column":2}}]},"4":{"line":48,"type":"cond-expr","locations":[{"start":{"line":48,"column":44},"end":{"line":48,"column":61}},{"start":{"line":48,"column":64},"end":{"line":48,"column":77}}]},"5":{"line":48,"type":"binary-expr","locations":[{"start":{"line":48,"column":64},"end":{"line":48,"column":71}},{"start":{"line":48,"column":75},"end":{"line":48,"column":77}}]},"6":{"line":53,"type":"if","locations":[{"start":{"line":53,"column":2},"end":{"line":53,"column":2}},{"start":{"line":53,"column":2},"end":{"line":53,"column":2}}]}}},"d:\\Workspace\\Laicos\\Source\\ibhs\\post_disaster\\data_collector_admin\\api\\responses\\forbidden.js":{"path":"d:\\Workspace\\Laicos\\Source\\ibhs\\post_disaster\\data_collector_admin\\api\\responses\\forbidden.js","s":{"1":1,"2":0,"3":0,"4":0,"5":0,"6":0,"7":0,"8":0,"9":0,"10":0,"11":0,"12":0,"13":0,"14":0,"15":0,"16":0,"17":0,"18":0,"19":0,"20":0,"21":0,"22":0},"b":{"1":[0,0],"2":[0,0],"3":[0,0],"4":[0,0],"5":[0,0],"6":[0,0],"7":[0,0],"8":[0,0]},"f":{"1":0,"2":0},"fnMap":{"1":{"name":"forbidden","line":15,"loc":{"start":{"line":15,"column":17},"end":{"line":15,"column":52}}},"2":{"name":"(anonymous_2)","line":56,"loc":{"start":{"line":56,"column":46},"end":{"line":56,"column":67}}}},"statementMap":{"1":{"start":{"line":15,"column":0},"end":{"line":76,"column":2}},"2":{"start":{"line":18,"column":2},"end":{"line":18,"column":21}},"3":{"start":{"line":19,"column":2},"end":{"line":19,"column":21}},"4":{"start":{"line":20,"column":2},"end":{"line":20,"column":25}},"5":{"start":{"line":23,"column":2},"end":{"line":23,"column":18}},"6":{"start":{"line":26,"column":2},"end":{"line":29,"column":63}},"7":{"start":{"line":27,"column":4},"end":{"line":27,"column":69}},"8":{"start":{"line":29,"column":7},"end":{"line":29,"column":63}},"9":{"start":{"line":34,"column":2},"end":{"line":36,"column":3}},"10":{"start":{"line":35,"column":4},"end":{"line":35,"column":21}},"11":{"start":{"line":39,"column":2},"end":{"line":41,"column":3}},"12":{"start":{"line":40,"column":4},"end":{"line":40,"column":27}},"13":{"start":{"line":45,"column":2},"end":{"line":45,"column":78}},"14":{"start":{"line":50,"column":2},"end":{"line":74,"column":5}},"15":{"start":{"line":51,"column":4},"end":{"line":51,"column":50}},"16":{"start":{"line":56,"column":7},"end":{"line":74,"column":5}},"17":{"start":{"line":59,"column":4},"end":{"line":71,"column":5}},"18":{"start":{"line":63,"column":6},"end":{"line":69,"column":7}},"19":{"start":{"line":64,"column":8},"end":{"line":64,"column":124}},"20":{"start":{"line":68,"column":8},"end":{"line":68,"column":145}},"21":{"start":{"line":70,"column":6},"end":{"line":70,"column":29}},"22":{"start":{"line":73,"column":4},"end":{"line":73,"column":26}}},"branchMap":{"1":{"line":26,"type":"if","locations":[{"start":{"line":26,"column":2},"end":{"line":26,"column":2}},{"start":{"line":26,"column":2},"end":{"line":26,"column":2}}]},"2":{"line":34,"type":"if","locations":[{"start":{"line":34,"column":2},"end":{"line":34,"column":2}},{"start":{"line":34,"column":2},"end":{"line":34,"column":2}}]},"3":{"line":39,"type":"if","locations":[{"start":{"line":39,"column":2},"end":{"line":39,"column":2}},{"start":{"line":39,"column":2},"end":{"line":39,"column":2}}]},"4":{"line":45,"type":"cond-expr","locations":[{"start":{"line":45,"column":44},"end":{"line":45,"column":61}},{"start":{"line":45,"column":64},"end":{"line":45,"column":77}}]},"5":{"line":45,"type":"binary-expr","locations":[{"start":{"line":45,"column":64},"end":{"line":45,"column":71}},{"start":{"line":45,"column":75},"end":{"line":45,"column":77}}]},"6":{"line":50,"type":"if","locations":[{"start":{"line":50,"column":2},"end":{"line":50,"column":2}},{"start":{"line":50,"column":2},"end":{"line":50,"column":2}}]},"7":{"line":59,"type":"if","locations":[{"start":{"line":59,"column":4},"end":{"line":59,"column":4}},{"start":{"line":59,"column":4},"end":{"line":59,"column":4}}]},"8":{"line":63,"type":"if","locations":[{"start":{"line":63,"column":6},"end":{"line":63,"column":6}},{"start":{"line":63,"column":6},"end":{"line":63,"column":6}}]}}},"d:\\Workspace\\Laicos\\Source\\ibhs\\post_disaster\\data_collector_admin\\api\\responses\\notFound.js":{"path":"d:\\Workspace\\Laicos\\Source\\ibhs\\post_disaster\\data_collector_admin\\api\\responses\\notFound.js","s":{"1":1,"2":0,"3":0,"4":0,"5":0,"6":0,"7":0,"8":0,"9":0,"10":0,"11":0,"12":0,"13":0,"14":0,"15":0,"16":0,"17":0,"18":0,"19":0,"20":0,"21":0,"22":0},"b":{"1":[0,0],"2":[0,0],"3":[0,0],"4":[0,0],"5":[0,0],"6":[0,0],"7":[0,0],"8":[0,0]},"f":{"1":0,"2":0},"fnMap":{"1":{"name":"notFound","line":20,"loc":{"start":{"line":20,"column":17},"end":{"line":20,"column":51}}},"2":{"name":"(anonymous_2)","line":61,"loc":{"start":{"line":61,"column":46},"end":{"line":61,"column":67}}}},"statementMap":{"1":{"start":{"line":20,"column":0},"end":{"line":81,"column":2}},"2":{"start":{"line":23,"column":2},"end":{"line":23,"column":21}},"3":{"start":{"line":24,"column":2},"end":{"line":24,"column":21}},"4":{"start":{"line":25,"column":2},"end":{"line":25,"column":25}},"5":{"start":{"line":28,"column":2},"end":{"line":28,"column":18}},"6":{"start":{"line":31,"column":2},"end":{"line":34,"column":63}},"7":{"start":{"line":32,"column":4},"end":{"line":32,"column":69}},"8":{"start":{"line":34,"column":7},"end":{"line":34,"column":63}},"9":{"start":{"line":39,"column":2},"end":{"line":41,"column":3}},"10":{"start":{"line":40,"column":4},"end":{"line":40,"column":21}},"11":{"start":{"line":44,"column":2},"end":{"line":46,"column":3}},"12":{"start":{"line":45,"column":4},"end":{"line":45,"column":27}},"13":{"start":{"line":50,"column":2},"end":{"line":50,"column":78}},"14":{"start":{"line":55,"column":2},"end":{"line":79,"column":5}},"15":{"start":{"line":56,"column":4},"end":{"line":56,"column":50}},"16":{"start":{"line":61,"column":7},"end":{"line":79,"column":5}},"17":{"start":{"line":64,"column":4},"end":{"line":76,"column":5}},"18":{"start":{"line":68,"column":6},"end":{"line":74,"column":7}},"19":{"start":{"line":69,"column":8},"end":{"line":69,"column":123}},"20":{"start":{"line":73,"column":8},"end":{"line":73,"column":144}},"21":{"start":{"line":75,"column":6},"end":{"line":75,"column":29}},"22":{"start":{"line":78,"column":4},"end":{"line":78,"column":26}}},"branchMap":{"1":{"line":31,"type":"if","locations":[{"start":{"line":31,"column":2},"end":{"line":31,"column":2}},{"start":{"line":31,"column":2},"end":{"line":31,"column":2}}]},"2":{"line":39,"type":"if","locations":[{"start":{"line":39,"column":2},"end":{"line":39,"column":2}},{"start":{"line":39,"column":2},"end":{"line":39,"column":2}}]},"3":{"line":44,"type":"if","locations":[{"start":{"line":44,"column":2},"end":{"line":44,"column":2}},{"start":{"line":44,"column":2},"end":{"line":44,"column":2}}]},"4":{"line":50,"type":"cond-expr","locations":[{"start":{"line":50,"column":44},"end":{"line":50,"column":61}},{"start":{"line":50,"column":64},"end":{"line":50,"column":77}}]},"5":{"line":50,"type":"binary-expr","locations":[{"start":{"line":50,"column":64},"end":{"line":50,"column":71}},{"start":{"line":50,"column":75},"end":{"line":50,"column":77}}]},"6":{"line":55,"type":"if","locations":[{"start":{"line":55,"column":2},"end":{"line":55,"column":2}},{"start":{"line":55,"column":2},"end":{"line":55,"column":2}}]},"7":{"line":64,"type":"if","locations":[{"start":{"line":64,"column":4},"end":{"line":64,"column":4}},{"start":{"line":64,"column":4},"end":{"line":64,"column":4}}]},"8":{"line":68,"type":"if","locations":[{"start":{"line":68,"column":6},"end":{"line":68,"column":6}},{"start":{"line":68,"column":6},"end":{"line":68,"column":6}}]}}},"d:\\Workspace\\Laicos\\Source\\ibhs\\post_disaster\\data_collector_admin\\api\\responses\\ok.js":{"path":"d:\\Workspace\\Laicos\\Source\\ibhs\\post_disaster\\data_collector_admin\\api\\responses\\ok.js","s":{"1":1,"2":0,"3":0,"4":0,"5":0,"6":0,"7":0,"8":0,"9":0,"10":0,"11":0,"12":0,"13":0},"b":{"1":[0,0],"2":[0,0],"3":[0,0],"4":[0,0]},"f":{"1":0,"2":0},"fnMap":{"1":{"name":"sendOK","line":14,"loc":{"start":{"line":14,"column":17},"end":{"line":14,"column":49}}},"2":{"name":"couldNotGuessView","line":44,"loc":{"start":{"line":44,"column":44},"end":{"line":44,"column":74}}}},"statementMap":{"1":{"start":{"line":14,"column":0},"end":{"line":48,"column":2}},"2":{"start":{"line":17,"column":2},"end":{"line":17,"column":21}},"3":{"start":{"line":18,"column":2},"end":{"line":18,"column":21}},"4":{"start":{"line":19,"column":2},"end":{"line":19,"column":25}},"5":{"start":{"line":21,"column":2},"end":{"line":21,"column":61}},"6":{"start":{"line":24,"column":2},"end":{"line":24,"column":18}},"7":{"start":{"line":27,"column":2},"end":{"line":29,"column":3}},"8":{"start":{"line":28,"column":4},"end":{"line":28,"column":27}},"9":{"start":{"line":33,"column":2},"end":{"line":33,"column":78}},"10":{"start":{"line":38,"column":2},"end":{"line":46,"column":5}},"11":{"start":{"line":39,"column":4},"end":{"line":39,"column":50}},"12":{"start":{"line":44,"column":7},"end":{"line":46,"column":5}},"13":{"start":{"line":45,"column":4},"end":{"line":45,"column":27}}},"branchMap":{"1":{"line":27,"type":"if","locations":[{"start":{"line":27,"column":2},"end":{"line":27,"column":2}},{"start":{"line":27,"column":2},"end":{"line":27,"column":2}}]},"2":{"line":33,"type":"cond-expr","locations":[{"start":{"line":33,"column":44},"end":{"line":33,"column":61}},{"start":{"line":33,"column":64},"end":{"line":33,"column":77}}]},"3":{"line":33,"type":"binary-expr","locations":[{"start":{"line":33,"column":64},"end":{"line":33,"column":71}},{"start":{"line":33,"column":75},"end":{"line":33,"column":77}}]},"4":{"line":38,"type":"if","locations":[{"start":{"line":38,"column":2},"end":{"line":38,"column":2}},{"start":{"line":38,"column":2},"end":{"line":38,"column":2}}]}}},"d:\\Workspace\\Laicos\\Source\\ibhs\\post_disaster\\data_collector_admin\\api\\responses\\serverError.js":{"path":"d:\\Workspace\\Laicos\\Source\\ibhs\\post_disaster\\data_collector_admin\\api\\responses\\serverError.js","s":{"1":1,"2":0,"3":0,"4":0,"5":0,"6":0,"7":0,"8":0,"9":0,"10":0,"11":0,"12":0,"13":0,"14":0,"15":0,"16":0,"17":0,"18":0,"19":0,"20":0,"21":0,"22":0},"b":{"1":[0,0],"2":[0,0],"3":[0,0],"4":[0,0],"5":[0,0],"6":[0,0],"7":[0,0],"8":[0,0]},"f":{"1":0,"2":0},"fnMap":{"1":{"name":"serverError","line":15,"loc":{"start":{"line":15,"column":17},"end":{"line":15,"column":54}}},"2":{"name":"(anonymous_2)","line":56,"loc":{"start":{"line":56,"column":46},"end":{"line":56,"column":67}}}},"statementMap":{"1":{"start":{"line":15,"column":0},"end":{"line":76,"column":2}},"2":{"start":{"line":18,"column":2},"end":{"line":18,"column":21}},"3":{"start":{"line":19,"column":2},"end":{"line":19,"column":21}},"4":{"start":{"line":20,"column":2},"end":{"line":20,"column":25}},"5":{"start":{"line":23,"column":2},"end":{"line":23,"column":18}},"6":{"start":{"line":26,"column":2},"end":{"line":29,"column":70}},"7":{"start":{"line":27,"column":4},"end":{"line":27,"column":70}},"8":{"start":{"line":29,"column":7},"end":{"line":29,"column":70}},"9":{"start":{"line":34,"column":2},"end":{"line":36,"column":3}},"10":{"start":{"line":35,"column":4},"end":{"line":35,"column":21}},"11":{"start":{"line":39,"column":2},"end":{"line":41,"column":3}},"12":{"start":{"line":40,"column":4},"end":{"line":40,"column":27}},"13":{"start":{"line":45,"column":2},"end":{"line":45,"column":78}},"14":{"start":{"line":50,"column":2},"end":{"line":74,"column":5}},"15":{"start":{"line":51,"column":4},"end":{"line":51,"column":50}},"16":{"start":{"line":56,"column":7},"end":{"line":74,"column":5}},"17":{"start":{"line":59,"column":4},"end":{"line":71,"column":5}},"18":{"start":{"line":63,"column":6},"end":{"line":69,"column":7}},"19":{"start":{"line":64,"column":8},"end":{"line":64,"column":126}},"20":{"start":{"line":68,"column":8},"end":{"line":68,"column":147}},"21":{"start":{"line":70,"column":6},"end":{"line":70,"column":29}},"22":{"start":{"line":73,"column":4},"end":{"line":73,"column":26}}},"branchMap":{"1":{"line":26,"type":"if","locations":[{"start":{"line":26,"column":2},"end":{"line":26,"column":2}},{"start":{"line":26,"column":2},"end":{"line":26,"column":2}}]},"2":{"line":34,"type":"if","locations":[{"start":{"line":34,"column":2},"end":{"line":34,"column":2}},{"start":{"line":34,"column":2},"end":{"line":34,"column":2}}]},"3":{"line":39,"type":"if","locations":[{"start":{"line":39,"column":2},"end":{"line":39,"column":2}},{"start":{"line":39,"column":2},"end":{"line":39,"column":2}}]},"4":{"line":45,"type":"cond-expr","locations":[{"start":{"line":45,"column":44},"end":{"line":45,"column":61}},{"start":{"line":45,"column":64},"end":{"line":45,"column":77}}]},"5":{"line":45,"type":"binary-expr","locations":[{"start":{"line":45,"column":64},"end":{"line":45,"column":71}},{"start":{"line":45,"column":75},"end":{"line":45,"column":77}}]},"6":{"line":50,"type":"if","locations":[{"start":{"line":50,"column":2},"end":{"line":50,"column":2}},{"start":{"line":50,"column":2},"end":{"line":50,"column":2}}]},"7":{"line":59,"type":"if","locations":[{"start":{"line":59,"column":4},"end":{"line":59,"column":4}},{"start":{"line":59,"column":4},"end":{"line":59,"column":4}}]},"8":{"line":63,"type":"if","locations":[{"start":{"line":63,"column":6},"end":{"line":63,"column":6}},{"start":{"line":63,"column":6},"end":{"line":63,"column":6}}]}}},"d:\\Workspace\\Laicos\\Source\\ibhs\\post_disaster\\data_collector_admin\\api\\services\\AuthStrategies.js":{"path":"d:\\Workspace\\Laicos\\Source\\ibhs\\post_disaster\\data_collector_admin\\api\\services\\AuthStrategies.js","s":{"1":1,"2":1,"3":0,"4":1,"5":0,"6":0,"7":1,"8":0,"9":0,"10":0,"11":0,"12":0,"13":0,"14":0,"15":0,"16":0,"17":0,"18":0,"19":0,"20":0,"21":0,"22":0,"23":0,"24":0,"25":0,"26":1,"27":0,"28":0,"29":0,"30":0,"31":0,"32":0,"33":0,"34":0,"35":0,"36":0,"37":0,"38":0,"39":0,"40":0,"41":0,"42":0,"43":0,"44":0,"45":1,"46":0,"47":0,"48":0,"49":0,"50":0,"51":0,"52":0},"b":{"1":[0,0],"2":[0,0],"3":[0,0],"4":[0,0],"5":[0,0],"6":[0,0]},"f":{"1":0,"2":0,"3":0,"4":0,"5":0,"6":0,"7":0,"8":0,"9":0,"10":0,"11":0,"12":0,"13":0,"14":0,"15":0,"16":0,"17":0,"18":0,"19":0},"fnMap":{"1":{"name":"(anonymous_1)","line":11,"loc":{"start":{"line":11,"column":23},"end":{"line":11,"column":48}}},"2":{"name":"(anonymous_2)","line":17,"loc":{"start":{"line":17,"column":25},"end":{"line":17,"column":48}}},"3":{"name":"(anonymous_3)","line":21,"loc":{"start":{"line":21,"column":14},"end":{"line":21,"column":32}}},"4":{"name":"(anonymous_4)","line":29,"loc":{"start":{"line":29,"column":2},"end":{"line":29,"column":38}}},"5":{"name":"(anonymous_5)","line":37,"loc":{"start":{"line":37,"column":18},"end":{"line":37,"column":37}}},"6":{"name":"(anonymous_6)","line":44,"loc":{"start":{"line":44,"column":30},"end":{"line":44,"column":42}}},"7":{"name":"(anonymous_7)","line":46,"loc":{"start":{"line":46,"column":80},"end":{"line":46,"column":99}}},"8":{"name":"(anonymous_8)","line":52,"loc":{"start":{"line":52,"column":31},"end":{"line":52,"column":44}}},"9":{"name":"(anonymous_9)","line":56,"loc":{"start":{"line":56,"column":27},"end":{"line":56,"column":40}}},"10":{"name":"(anonymous_10)","line":67,"loc":{"start":{"line":67,"column":15},"end":{"line":67,"column":28}}},"11":{"name":"(anonymous_11)","line":81,"loc":{"start":{"line":81,"column":4},"end":{"line":81,"column":40}}},"12":{"name":"(anonymous_12)","line":89,"loc":{"start":{"line":89,"column":20},"end":{"line":89,"column":39}}},"13":{"name":"(anonymous_13)","line":101,"loc":{"start":{"line":101,"column":24},"end":{"line":101,"column":36}}},"14":{"name":"(anonymous_14)","line":104,"loc":{"start":{"line":104,"column":24},"end":{"line":104,"column":43}}},"15":{"name":"(anonymous_15)","line":108,"loc":{"start":{"line":108,"column":25},"end":{"line":108,"column":40}}},"16":{"name":"(anonymous_16)","line":114,"loc":{"start":{"line":114,"column":17},"end":{"line":114,"column":30}}},"17":{"name":"(anonymous_17)","line":126,"loc":{"start":{"line":126,"column":2},"end":{"line":126,"column":25}}},"18":{"name":"(anonymous_18)","line":131,"loc":{"start":{"line":131,"column":18},"end":{"line":131,"column":38}}},"19":{"name":"(anonymous_19)","line":134,"loc":{"start":{"line":134,"column":19},"end":{"line":134,"column":34}}}},"statementMap":{"1":{"start":{"line":7,"column":0},"end":{"line":9,"column":61}},"2":{"start":{"line":11,"column":0},"end":{"line":15,"column":3}},"3":{"start":{"line":14,"column":4},"end":{"line":14,"column":30}},"4":{"start":{"line":17,"column":0},"end":{"line":25,"column":3}},"5":{"start":{"line":20,"column":4},"end":{"line":23,"column":11}},"6":{"start":{"line":22,"column":12},"end":{"line":22,"column":25}},"7":{"start":{"line":28,"column":0},"end":{"line":77,"column":3}},"8":{"start":{"line":31,"column":6},"end":{"line":75,"column":7}},"9":{"start":{"line":33,"column":10},"end":{"line":33,"column":121}},"10":{"start":{"line":36,"column":10},"end":{"line":69,"column":15}},"11":{"start":{"line":39,"column":16},"end":{"line":64,"column":17}},"12":{"start":{"line":41,"column":20},"end":{"line":41,"column":96}},"13":{"start":{"line":43,"column":20},"end":{"line":60,"column":27}},"14":{"start":{"line":46,"column":28},"end":{"line":55,"column":31}},"15":{"start":{"line":48,"column":32},"end":{"line":48,"column":119}},"16":{"start":{"line":50,"column":32},"end":{"line":50,"column":59}},"17":{"start":{"line":53,"column":32},"end":{"line":53,"column":123}},"18":{"start":{"line":54,"column":32},"end":{"line":54,"column":57}},"19":{"start":{"line":58,"column":28},"end":{"line":58,"column":111}},"20":{"start":{"line":59,"column":28},"end":{"line":59,"column":53}},"21":{"start":{"line":62,"column":20},"end":{"line":62,"column":104}},"22":{"start":{"line":63,"column":20},"end":{"line":63,"column":45}},"23":{"start":{"line":68,"column":16},"end":{"line":68,"column":31}},"24":{"start":{"line":73,"column":10},"end":{"line":73,"column":110}},"25":{"start":{"line":74,"column":10},"end":{"line":74,"column":33}},"26":{"start":{"line":80,"column":0},"end":{"line":123,"column":3}},"27":{"start":{"line":83,"column":8},"end":{"line":121,"column":9}},"28":{"start":{"line":85,"column":12},"end":{"line":85,"column":123}},"29":{"start":{"line":88,"column":12},"end":{"line":116,"column":17}},"30":{"start":{"line":91,"column":16},"end":{"line":94,"column":17}},"31":{"start":{"line":92,"column":20},"end":{"line":92,"column":104}},"32":{"start":{"line":93,"column":20},"end":{"line":93,"column":45}},"33":{"start":{"line":95,"column":16},"end":{"line":97,"column":17}},"34":{"start":{"line":96,"column":20},"end":{"line":96,"column":45}},"35":{"start":{"line":99,"column":16},"end":{"line":112,"column":21}},"36":{"start":{"line":102,"column":22},"end":{"line":102,"column":76}},"37":{"start":{"line":105,"column":22},"end":{"line":105,"column":110}},"38":{"start":{"line":106,"column":22},"end":{"line":106,"column":49}},"39":{"start":{"line":109,"column":22},"end":{"line":109,"column":114}},"40":{"start":{"line":110,"column":22},"end":{"line":110,"column":42}},"41":{"start":{"line":111,"column":22},"end":{"line":111,"column":47}},"42":{"start":{"line":115,"column":18},"end":{"line":115,"column":33}},"43":{"start":{"line":119,"column":12},"end":{"line":119,"column":112}},"44":{"start":{"line":120,"column":12},"end":{"line":120,"column":35}},"45":{"start":{"line":125,"column":0},"end":{"line":142,"column":3}},"46":{"start":{"line":127,"column":6},"end":{"line":140,"column":7}},"47":{"start":{"line":128,"column":10},"end":{"line":128,"column":77}},"48":{"start":{"line":129,"column":10},"end":{"line":136,"column":14}},"49":{"start":{"line":132,"column":16},"end":{"line":132,"column":36}},"50":{"start":{"line":135,"column":16},"end":{"line":135,"column":25}},"51":{"start":{"line":138,"column":10},"end":{"line":138,"column":92}},"52":{"start":{"line":139,"column":10},"end":{"line":139,"column":32}}},"branchMap":{"1":{"line":39,"type":"if","locations":[{"start":{"line":39,"column":16},"end":{"line":39,"column":16}},{"start":{"line":39,"column":16},"end":{"line":39,"column":16}}]},"2":{"line":43,"type":"binary-expr","locations":[{"start":{"line":43,"column":47},"end":{"line":43,"column":62}},{"start":{"line":43,"column":66},"end":{"line":43,"column":82}}]},"3":{"line":91,"type":"if","locations":[{"start":{"line":91,"column":16},"end":{"line":91,"column":16}},{"start":{"line":91,"column":16},"end":{"line":91,"column":16}}]},"4":{"line":91,"type":"binary-expr","locations":[{"start":{"line":91,"column":20},"end":{"line":91,"column":28}},{"start":{"line":91,"column":32},"end":{"line":91,"column":48}}]},"5":{"line":95,"type":"if","locations":[{"start":{"line":95,"column":16},"end":{"line":95,"column":16}},{"start":{"line":95,"column":16},"end":{"line":95,"column":16}}]},"6":{"line":100,"type":"binary-expr","locations":[{"start":{"line":100,"column":38},"end":{"line":100,"column":53}},{"start":{"line":100,"column":57},"end":{"line":100,"column":73}}]}}},"d:\\Workspace\\Laicos\\Source\\ibhs\\post_disaster\\data_collector_admin\\api\\services\\CommonUtil.js":{"path":"d:\\Workspace\\Laicos\\Source\\ibhs\\post_disaster\\data_collector_admin\\api\\services\\CommonUtil.js","s":{"1":1,"2":0,"3":0,"4":0,"5":0,"6":0,"7":0,"8":0,"9":0,"10":0,"11":0,"12":0,"13":0,"14":0},"b":{"1":[0,0,0],"2":[0,0],"3":[0,0]},"f":{"1":0,"2":0,"3":0,"4":0},"fnMap":{"1":{"name":"(anonymous_1)","line":5,"loc":{"start":{"line":5,"column":19},"end":{"line":5,"column":34}}},"2":{"name":"(anonymous_2)","line":11,"loc":{"start":{"line":11,"column":12},"end":{"line":11,"column":27}}},"3":{"name":"(anonymous_3)","line":15,"loc":{"start":{"line":15,"column":19},"end":{"line":15,"column":34}}},"4":{"name":"(anonymous_4)","line":32,"loc":{"start":{"line":32,"column":18},"end":{"line":32,"column":34}}}},"statementMap":{"1":{"start":{"line":3,"column":0},"end":{"line":45,"column":2}},"2":{"start":{"line":7,"column":8},"end":{"line":7,"column":61}},"3":{"start":{"line":12,"column":8},"end":{"line":12,"column":48}},"4":{"start":{"line":16,"column":8},"end":{"line":16,"column":23}},"5":{"start":{"line":17,"column":8},"end":{"line":17,"column":23}},"6":{"start":{"line":19,"column":8},"end":{"line":27,"column":9}},"7":{"start":{"line":21,"column":12},"end":{"line":21,"column":28}},"8":{"start":{"line":23,"column":12},"end":{"line":25,"column":13}},"9":{"start":{"line":24,"column":16},"end":{"line":24,"column":45}},"10":{"start":{"line":29,"column":8},"end":{"line":29,"column":31}},"11":{"start":{"line":34,"column":8},"end":{"line":39,"column":9}},"12":{"start":{"line":35,"column":12},"end":{"line":35,"column":36}},"13":{"start":{"line":37,"column":12},"end":{"line":37,"column":80}},"14":{"start":{"line":38,"column":12},"end":{"line":38,"column":24}}},"branchMap":{"1":{"line":7,"type":"binary-expr","locations":[{"start":{"line":7,"column":15},"end":{"line":7,"column":32}},{"start":{"line":7,"column":36},"end":{"line":7,"column":47}},{"start":{"line":7,"column":51},"end":{"line":7,"column":60}}]},"2":{"line":12,"type":"binary-expr","locations":[{"start":{"line":12,"column":15},"end":{"line":12,"column":32}},{"start":{"line":12,"column":36},"end":{"line":12,"column":47}}]},"3":{"line":23,"type":"if","locations":[{"start":{"line":23,"column":12},"end":{"line":23,"column":12}},{"start":{"line":23,"column":12},"end":{"line":23,"column":12}}]}}},"d:\\Workspace\\Laicos\\Source\\ibhs\\post_disaster\\data_collector_admin\\api\\services\\CompanyService.js":{"path":"d:\\Workspace\\Laicos\\Source\\ibhs\\post_disaster\\data_collector_admin\\api\\services\\CompanyService.js","s":{"1":1,"2":1,"3":0,"4":0,"5":0,"6":0,"7":0,"8":0,"9":0},"b":{"1":[0,0]},"f":{"1":0,"2":0,"3":0,"4":0},"fnMap":{"1":{"name":"(anonymous_1)","line":13,"loc":{"start":{"line":13,"column":18},"end":{"line":13,"column":41}}},"2":{"name":"(anonymous_2)","line":19,"loc":{"start":{"line":19,"column":27},"end":{"line":19,"column":39}}},"3":{"name":"(anonymous_3)","line":27,"loc":{"start":{"line":27,"column":30},"end":{"line":27,"column":50}}},"4":{"name":"(anonymous_4)","line":29,"loc":{"start":{"line":29,"column":27},"end":{"line":29,"column":40}}}},"statementMap":{"1":{"start":{"line":6,"column":0},"end":{"line":7,"column":23}},"2":{"start":{"line":11,"column":0},"end":{"line":38,"column":2}},"3":{"start":{"line":19,"column":8},"end":{"line":33,"column":11}},"4":{"start":{"line":21,"column":12},"end":{"line":21,"column":32}},"5":{"start":{"line":23,"column":12},"end":{"line":23,"column":78}},"6":{"start":{"line":26,"column":12},"end":{"line":32,"column":27}},"7":{"start":{"line":28,"column":28},"end":{"line":28,"column":86}},"8":{"start":{"line":30,"column":28},"end":{"line":30,"column":111}},"9":{"start":{"line":31,"column":28},"end":{"line":31,"column":53}}},"branchMap":{"1":{"line":21,"type":"binary-expr","locations":[{"start":{"line":21,"column":20},"end":{"line":21,"column":25}},{"start":{"line":21,"column":29},"end":{"line":21,"column":31}}]}}},"d:\\Workspace\\Laicos\\Source\\ibhs\\post_disaster\\data_collector_admin\\api\\services\\Constants.js":{"path":"d:\\Workspace\\Laicos\\Source\\ibhs\\post_disaster\\data_collector_admin\\api\\services\\Constants.js","s":{"1":1},"b":{},"f":{},"fnMap":{},"statementMap":{"1":{"start":{"line":6,"column":0},"end":{"line":134,"column":2}}},"branchMap":{}},"d:\\Workspace\\Laicos\\Source\\ibhs\\post_disaster\\data_collector_admin\\api\\services\\Domain.js":{"path":"d:\\Workspace\\Laicos\\Source\\ibhs\\post_disaster\\data_collector_admin\\api\\services\\Domain.js","s":{"1":1,"2":1,"3":0,"4":0,"5":0,"6":0,"7":0,"8":0,"9":0,"10":0,"11":0,"12":0,"13":0,"14":0,"15":0,"16":0,"17":0,"18":0,"19":0,"20":0,"21":0,"22":0,"23":0,"24":0,"25":0,"26":0,"27":0,"28":0,"29":0,"30":0,"31":0,"32":0,"33":0,"34":0,"35":0,"36":0,"37":0,"38":0,"39":0},"b":{"1":[0,0],"2":[0,0],"3":[0,0],"4":[0,0],"5":[0,0],"6":[0,0],"7":[0,0],"8":[0,0],"9":[0,0],"10":[0,0],"11":[0,0],"12":[0,0],"13":[0,0],"14":[0,0],"15":[0,0],"16":[0,0],"17":[0,0],"18":[0,0]},"f":{"1":0,"2":0,"3":0,"4":0,"5":0,"6":0,"7":0},"fnMap":{"1":{"name":"(anonymous_1)","line":11,"loc":{"start":{"line":11,"column":11},"end":{"line":11,"column":27}}},"2":{"name":"(anonymous_2)","line":26,"loc":{"start":{"line":26,"column":13},"end":{"line":26,"column":50}}},"3":{"name":"(anonymous_3)","line":41,"loc":{"start":{"line":41,"column":10},"end":{"line":41,"column":44}}},"4":{"name":"(anonymous_4)","line":59,"loc":{"start":{"line":59,"column":14},"end":{"line":59,"column":59}}},"5":{"name":"(anonymous_5)","line":82,"loc":{"start":{"line":82,"column":16},"end":{"line":82,"column":55}}},"6":{"name":"(anonymous_6)","line":89,"loc":{"start":{"line":89,"column":18},"end":{"line":89,"column":69}}},"7":{"name":"(anonymous_7)","line":95,"loc":{"start":{"line":95,"column":15},"end":{"line":95,"column":31}}}},"statementMap":{"1":{"start":{"line":7,"column":0},"end":{"line":7,"column":33}},"2":{"start":{"line":9,"column":0},"end":{"line":100,"column":2}},"3":{"start":{"line":16,"column":8},"end":{"line":16,"column":37}},"4":{"start":{"line":17,"column":8},"end":{"line":17,"column":31}},"5":{"start":{"line":18,"column":8},"end":{"line":18,"column":66}},"6":{"start":{"line":19,"column":8},"end":{"line":19,"column":30}},"7":{"start":{"line":31,"column":8},"end":{"line":31,"column":37}},"8":{"start":{"line":32,"column":8},"end":{"line":32,"column":33}},"9":{"start":{"line":33,"column":8},"end":{"line":33,"column":45}},"10":{"start":{"line":34,"column":8},"end":{"line":34,"column":33}},"11":{"start":{"line":35,"column":8},"end":{"line":35,"column":33}},"12":{"start":{"line":36,"column":8},"end":{"line":36,"column":27}},"13":{"start":{"line":46,"column":8},"end":{"line":46,"column":37}},"14":{"start":{"line":47,"column":8},"end":{"line":47,"column":33}},"15":{"start":{"line":48,"column":8},"end":{"line":48,"column":31}},"16":{"start":{"line":49,"column":8},"end":{"line":49,"column":33}},"17":{"start":{"line":50,"column":8},"end":{"line":50,"column":39}},"18":{"start":{"line":51,"column":8},"end":{"line":51,"column":30}},"19":{"start":{"line":52,"column":8},"end":{"line":52,"column":41}},"20":{"start":{"line":53,"column":8},"end":{"line":53,"column":27}},"21":{"start":{"line":64,"column":8},"end":{"line":64,"column":37}},"22":{"start":{"line":65,"column":8},"end":{"line":65,"column":33}},"23":{"start":{"line":66,"column":8},"end":{"line":66,"column":31}},"24":{"start":{"line":67,"column":8},"end":{"line":67,"column":33}},"25":{"start":{"line":68,"column":8},"end":{"line":68,"column":43}},"26":{"start":{"line":69,"column":8},"end":{"line":69,"column":27}},"27":{"start":{"line":70,"column":8},"end":{"line":70,"column":27}},"28":{"start":{"line":71,"column":8},"end":{"line":71,"column":41}},"29":{"start":{"line":72,"column":8},"end":{"line":72,"column":29}},"30":{"start":{"line":73,"column":8},"end":{"line":73,"column":31}},"31":{"start":{"line":74,"column":8},"end":{"line":74,"column":31}},"32":{"start":{"line":75,"column":8},"end":{"line":75,"column":35}},"33":{"start":{"line":84,"column":8},"end":{"line":84,"column":45}},"34":{"start":{"line":85,"column":8},"end":{"line":85,"column":33}},"35":{"start":{"line":86,"column":8},"end":{"line":86,"column":41}},"36":{"start":{"line":90,"column":8},"end":{"line":90,"column":51}},"37":{"start":{"line":91,"column":8},"end":{"line":91,"column":49}},"38":{"start":{"line":92,"column":8},"end":{"line":92,"column":39}},"39":{"start":{"line":96,"column":8},"end":{"line":96,"column":31}}},"branchMap":{"1":{"line":17,"type":"binary-expr","locations":[{"start":{"line":17,"column":20},"end":{"line":17,"column":24}},{"start":{"line":17,"column":28},"end":{"line":17,"column":30}}]},"2":{"line":32,"type":"binary-expr","locations":[{"start":{"line":32,"column":21},"end":{"line":32,"column":26}},{"start":{"line":32,"column":30},"end":{"line":32,"column":32}}]},"3":{"line":33,"type":"binary-expr","locations":[{"start":{"line":33,"column":27},"end":{"line":33,"column":38}},{"start":{"line":33,"column":42},"end":{"line":33,"column":44}}]},"4":{"line":34,"type":"binary-expr","locations":[{"start":{"line":34,"column":21},"end":{"line":34,"column":26}},{"start":{"line":34,"column":30},"end":{"line":34,"column":32}}]},"5":{"line":47,"type":"binary-expr","locations":[{"start":{"line":47,"column":21},"end":{"line":47,"column":26}},{"start":{"line":47,"column":30},"end":{"line":47,"column":32}}]},"6":{"line":48,"type":"binary-expr","locations":[{"start":{"line":48,"column":20},"end":{"line":48,"column":24}},{"start":{"line":48,"column":28},"end":{"line":48,"column":30}}]},"7":{"line":52,"type":"binary-expr","locations":[{"start":{"line":52,"column":25},"end":{"line":52,"column":34}},{"start":{"line":52,"column":38},"end":{"line":52,"column":40}}]},"8":{"line":65,"type":"binary-expr","locations":[{"start":{"line":65,"column":20},"end":{"line":65,"column":24}},{"start":{"line":65,"column":28},"end":{"line":65,"column":32}}]},"9":{"line":66,"type":"binary-expr","locations":[{"start":{"line":66,"column":20},"end":{"line":66,"column":24}},{"start":{"line":66,"column":28},"end":{"line":66,"column":30}}]},"10":{"line":68,"type":"binary-expr","locations":[{"start":{"line":68,"column":26},"end":{"line":68,"column":36}},{"start":{"line":68,"column":40},"end":{"line":68,"column":42}}]},"11":{"line":71,"type":"binary-expr","locations":[{"start":{"line":71,"column":25},"end":{"line":71,"column":34}},{"start":{"line":71,"column":38},"end":{"line":71,"column":40}}]},"12":{"line":84,"type":"binary-expr","locations":[{"start":{"line":84,"column":26},"end":{"line":84,"column":36}},{"start":{"line":84,"column":40},"end":{"line":84,"column":44}}]},"13":{"line":85,"type":"binary-expr","locations":[{"start":{"line":85,"column":21},"end":{"line":85,"column":26}},{"start":{"line":85,"column":30},"end":{"line":85,"column":32}}]},"14":{"line":86,"type":"binary-expr","locations":[{"start":{"line":86,"column":24},"end":{"line":86,"column":32}},{"start":{"line":86,"column":36},"end":{"line":86,"column":40}}]},"15":{"line":90,"type":"binary-expr","locations":[{"start":{"line":90,"column":32},"end":{"line":90,"column":45}},{"start":{"line":90,"column":49},"end":{"line":90,"column":50}}]},"16":{"line":91,"type":"binary-expr","locations":[{"start":{"line":91,"column":31},"end":{"line":91,"column":43}},{"start":{"line":91,"column":47},"end":{"line":91,"column":48}}]},"17":{"line":92,"type":"binary-expr","locations":[{"start":{"line":92,"column":23},"end":{"line":92,"column":33}},{"start":{"line":92,"column":37},"end":{"line":92,"column":38}}]},"18":{"line":96,"type":"binary-expr","locations":[{"start":{"line":96,"column":20},"end":{"line":96,"column":24}},{"start":{"line":96,"column":28},"end":{"line":96,"column":30}}]}}},"d:\\Workspace\\Laicos\\Source\\ibhs\\post_disaster\\data_collector_admin\\api\\services\\EgnyteService.js":{"path":"d:\\Workspace\\Laicos\\Source\\ibhs\\post_disaster\\data_collector_admin\\api\\services\\EgnyteService.js","s":{"1":1,"2":1,"3":1,"4":1,"5":1,"6":0,"7":0,"8":0,"9":0,"10":0,"11":0,"12":0,"13":0,"14":0,"15":0,"16":0,"17":0,"18":0,"19":0,"20":0,"21":0},"b":{"1":[0,0]},"f":{"1":0,"2":0},"fnMap":{"1":{"name":"(anonymous_1)","line":20,"loc":{"start":{"line":20,"column":13},"end":{"line":20,"column":29}}},"2":{"name":"(anonymous_2)","line":37,"loc":{"start":{"line":37,"column":16},"end":{"line":37,"column":47}}}},"statementMap":{"1":{"start":{"line":7,"column":0},"end":{"line":7,"column":34}},"2":{"start":{"line":8,"column":0},"end":{"line":8,"column":29}},"3":{"start":{"line":11,"column":0},"end":{"line":11,"column":38}},"4":{"start":{"line":12,"column":0},"end":{"line":14,"column":3}},"5":{"start":{"line":16,"column":0},"end":{"line":68,"column":1}},"6":{"start":{"line":22,"column":12},"end":{"line":22,"column":51}},"7":{"start":{"line":24,"column":12},"end":{"line":33,"column":13}},"8":{"start":{"line":27,"column":16},"end":{"line":27,"column":95}},"9":{"start":{"line":30,"column":16},"end":{"line":30,"column":85}},"10":{"start":{"line":31,"column":16},"end":{"line":31,"column":79}},"11":{"start":{"line":39,"column":12},"end":{"line":39,"column":53}},"12":{"start":{"line":41,"column":12},"end":{"line":62,"column":13}},"13":{"start":{"line":43,"column":16},"end":{"line":43,"column":38}},"14":{"start":{"line":45,"column":16},"end":{"line":50,"column":17}},"15":{"start":{"line":46,"column":20},"end":{"line":46,"column":61}},"16":{"start":{"line":49,"column":20},"end":{"line":49,"column":40}},"17":{"start":{"line":52,"column":16},"end":{"line":52,"column":74}},"18":{"start":{"line":53,"column":16},"end":{"line":53,"column":92}},"19":{"start":{"line":56,"column":16},"end":{"line":56,"column":72}},"20":{"start":{"line":59,"column":16},"end":{"line":59,"column":88}},"21":{"start":{"line":60,"column":16},"end":{"line":60,"column":76}}},"branchMap":{"1":{"line":45,"type":"if","locations":[{"start":{"line":45,"column":16},"end":{"line":45,"column":16}},{"start":{"line":45,"column":16},"end":{"line":45,"column":16}}]}}},"d:\\Workspace\\Laicos\\Source\\ibhs\\post_disaster\\data_collector_admin\\api\\services\\EventService.js":{"path":"d:\\Workspace\\Laicos\\Source\\ibhs\\post_disaster\\data_collector_admin\\api\\services\\EventService.js","s":{"1":1,"2":1,"3":1,"4":1,"5":1,"6":1,"7":1,"8":2,"9":2,"10":1,"11":2,"12":1,"13":1,"14":1,"15":1,"16":1,"17":0,"18":0,"19":1,"20":1,"21":0,"22":1,"23":1,"24":1,"25":1,"26":1,"27":1,"28":20,"29":20,"30":20,"31":2,"32":20,"33":20,"34":1,"35":1,"36":1,"37":1,"38":0,"39":0,"40":1,"41":0},"b":{"1":[1,1],"2":[2,1],"3":[0,1],"4":[1,0],"5":[20,0],"6":[2,18],"7":[1,0],"8":[0,1]},"f":{"1":1,"2":2,"3":2,"4":1,"5":1,"6":1,"7":1,"8":1,"9":1,"10":1,"11":1},"fnMap":{"1":{"name":"_initialize","line":12,"loc":{"start":{"line":12,"column":0},"end":{"line":12,"column":23}}},"2":{"name":"_getClient","line":21,"loc":{"start":{"line":21,"column":0},"end":{"line":21,"column":22}}},"3":{"name":"(anonymous_3)","line":23,"loc":{"start":{"line":23,"column":23},"end":{"line":23,"column":50}}},"4":{"name":"(anonymous_4)","line":38,"loc":{"start":{"line":38,"column":14},"end":{"line":38,"column":36}}},"5":{"name":"(anonymous_5)","line":41,"loc":{"start":{"line":41,"column":33},"end":{"line":41,"column":51}}},"6":{"name":"(anonymous_6)","line":44,"loc":{"start":{"line":44,"column":31},"end":{"line":44,"column":58}}},"7":{"name":"(anonymous_7)","line":47,"loc":{"start":{"line":47,"column":44},"end":{"line":47,"column":64}}},"8":{"name":"(anonymous_8)","line":64,"loc":{"start":{"line":64,"column":15},"end":{"line":64,"column":36}}},"9":{"name":"(anonymous_9)","line":67,"loc":{"start":{"line":67,"column":33},"end":{"line":67,"column":51}}},"10":{"name":"(anonymous_10)","line":70,"loc":{"start":{"line":70,"column":31},"end":{"line":70,"column":58}}},"11":{"name":"(anonymous_11)","line":97,"loc":{"start":{"line":97,"column":45},"end":{"line":97,"column":65}}}},"statementMap":{"1":{"start":{"line":6,"column":0},"end":{"line":6,"column":33}},"2":{"start":{"line":7,"column":0},"end":{"line":7,"column":30}},"3":{"start":{"line":8,"column":0},"end":{"line":8,"column":34}},"4":{"start":{"line":10,"column":0},"end":{"line":10,"column":22}},"5":{"start":{"line":12,"column":0},"end":{"line":19,"column":1}},"6":{"start":{"line":14,"column":4},"end":{"line":17,"column":7}},"7":{"start":{"line":21,"column":0},"end":{"line":34,"column":1}},"8":{"start":{"line":23,"column":4},"end":{"line":32,"column":7}},"9":{"start":{"line":25,"column":8},"end":{"line":28,"column":9}},"10":{"start":{"line":27,"column":12},"end":{"line":27,"column":26}},"11":{"start":{"line":30,"column":8},"end":{"line":30,"column":28}},"12":{"start":{"line":36,"column":0},"end":{"line":120,"column":2}},"13":{"start":{"line":41,"column":8},"end":{"line":60,"column":11}},"14":{"start":{"line":44,"column":12},"end":{"line":58,"column":15}},"15":{"start":{"line":47,"column":16},"end":{"line":57,"column":19}},"16":{"start":{"line":48,"column":20},"end":{"line":56,"column":21}},"17":{"start":{"line":49,"column":24},"end":{"line":49,"column":82}},"18":{"start":{"line":50,"column":24},"end":{"line":50,"column":36}},"19":{"start":{"line":52,"column":27},"end":{"line":56,"column":21}},"20":{"start":{"line":53,"column":24},"end":{"line":53,"column":77}},"21":{"start":{"line":55,"column":24},"end":{"line":55,"column":82}},"22":{"start":{"line":67,"column":8},"end":{"line":113,"column":11}},"23":{"start":{"line":70,"column":12},"end":{"line":111,"column":15}},"24":{"start":{"line":72,"column":16},"end":{"line":72,"column":32}},"25":{"start":{"line":73,"column":16},"end":{"line":73,"column":31}},"26":{"start":{"line":74,"column":16},"end":{"line":74,"column":38}},"27":{"start":{"line":77,"column":16},"end":{"line":92,"column":17}},"28":{"start":{"line":78,"column":20},"end":{"line":78,"column":39}},"29":{"start":{"line":80,"column":20},"end":{"line":90,"column":21}},"30":{"start":{"line":83,"column":24},"end":{"line":85,"column":25}},"31":{"start":{"line":84,"column":28},"end":{"line":84,"column":50}},"32":{"start":{"line":88,"column":24},"end":{"line":88,"column":57}},"33":{"start":{"line":89,"column":24},"end":{"line":89,"column":41}},"34":{"start":{"line":94,"column":16},"end":{"line":110,"column":17}},"35":{"start":{"line":97,"column":20},"end":{"line":107,"column":23}},"36":{"start":{"line":99,"column":24},"end":{"line":99,"column":114}},"37":{"start":{"line":101,"column":24},"end":{"line":106,"column":25}},"38":{"start":{"line":102,"column":28},"end":{"line":102,"column":86}},"39":{"start":{"line":103,"column":28},"end":{"line":103,"column":40}},"40":{"start":{"line":105,"column":28},"end":{"line":105,"column":81}},"41":{"start":{"line":109,"column":20},"end":{"line":109,"column":77}}},"branchMap":{"1":{"line":25,"type":"if","locations":[{"start":{"line":25,"column":8},"end":{"line":25,"column":8}},{"start":{"line":25,"column":8},"end":{"line":25,"column":8}}]},"2":{"line":25,"type":"binary-expr","locations":[{"start":{"line":25,"column":12},"end":{"line":25,"column":30}},{"start":{"line":25,"column":34},"end":{"line":25,"column":58}}]},"3":{"line":48,"type":"if","locations":[{"start":{"line":48,"column":20},"end":{"line":48,"column":20}},{"start":{"line":48,"column":20},"end":{"line":48,"column":20}}]},"4":{"line":52,"type":"if","locations":[{"start":{"line":52,"column":27},"end":{"line":52,"column":27}},{"start":{"line":52,"column":27},"end":{"line":52,"column":27}}]},"5":{"line":80,"type":"if","locations":[{"start":{"line":80,"column":20},"end":{"line":80,"column":20}},{"start":{"line":80,"column":20},"end":{"line":80,"column":20}}]},"6":{"line":83,"type":"if","locations":[{"start":{"line":83,"column":24},"end":{"line":83,"column":24}},{"start":{"line":83,"column":24},"end":{"line":83,"column":24}}]},"7":{"line":94,"type":"if","locations":[{"start":{"line":94,"column":16},"end":{"line":94,"column":16}},{"start":{"line":94,"column":16},"end":{"line":94,"column":16}}]},"8":{"line":101,"type":"if","locations":[{"start":{"line":101,"column":24},"end":{"line":101,"column":24}},{"start":{"line":101,"column":24},"end":{"line":101,"column":24}}]}}},"d:\\Workspace\\Laicos\\Source\\ibhs\\post_disaster\\data_collector_admin\\api\\services\\UserFormService.js":{"path":"d:\\Workspace\\Laicos\\Source\\ibhs\\post_disaster\\data_collector_admin\\api\\services\\UserFormService.js","s":{"1":1,"2":1,"3":0,"4":0,"5":0,"6":0,"7":0,"8":0,"9":0,"10":0,"11":0,"12":0,"13":0,"14":0,"15":0,"16":0,"17":0,"18":0,"19":0,"20":0,"21":0,"22":0,"23":0,"24":0,"25":0,"26":0,"27":0,"28":0,"29":0,"30":0,"31":0,"32":0,"33":0,"34":0,"35":0,"36":0,"37":0,"38":0,"39":0,"40":0,"41":0,"42":0,"43":0,"44":0,"45":0,"46":0,"47":0,"48":1,"49":0,"50":0,"51":0,"52":0,"53":0,"54":0,"55":0,"56":0,"57":0,"58":0,"59":0,"60":0,"61":0,"62":0,"63":0,"64":0,"65":0,"66":0,"67":0,"68":0,"69":0,"70":0,"71":0,"72":0,"73":0,"74":0,"75":0,"76":0,"77":0,"78":0,"79":0,"80":0,"81":0,"82":0,"83":0,"84":0,"85":0,"86":0,"87":0,"88":0,"89":0,"90":0,"91":0,"92":0,"93":0,"94":0,"95":0,"96":0,"97":0,"98":0,"99":0,"100":0,"101":0,"102":1,"103":1,"104":1,"105":1,"106":1,"107":0,"108":0,"109":0,"110":1,"111":1,"112":1,"113":1,"114":0,"115":0,"116":0},"b":{"1":[0,0],"2":[0,0,0],"3":[0,0],"4":[0,0],"5":[0,0],"6":[0,0],"7":[0,0],"8":[0,0],"9":[0,0],"10":[0,0],"11":[0,0],"12":[0,0],"13":[0,0],"14":[0,0],"15":[0,0],"16":[0,0],"17":[0,0],"18":[0,0],"19":[0,0],"20":[0,0],"21":[0,0],"22":[0,0],"23":[0,0],"24":[0,0],"25":[0,0],"26":[0,0],"27":[0,0],"28":[0,0],"29":[0,0],"30":[0,0],"31":[0,0],"32":[0,0],"33":[0,0],"34":[1,0],"35":[1,1],"36":[1,0],"37":[1,1]},"f":{"1":0,"2":0,"3":0,"4":0,"5":0,"6":0,"7":0,"8":0,"9":0,"10":0,"11":0,"12":0,"13":0,"14":0,"15":0,"16":0,"17":0,"18":0,"19":0,"20":0,"21":0,"22":0,"23":0,"24":0,"25":1,"26":1,"27":1,"28":0,"29":1,"30":1,"31":1,"32":0},"fnMap":{"1":{"name":"(anonymous_1)","line":11,"loc":{"start":{"line":11,"column":24},"end":{"line":11,"column":48}}},"2":{"name":"(anonymous_2)","line":53,"loc":{"start":{"line":53,"column":24},"end":{"line":53,"column":48}}},"3":{"name":"(anonymous_3)","line":132,"loc":{"start":{"line":132,"column":18},"end":{"line":132,"column":42}}},"4":{"name":"(anonymous_4)","line":134,"loc":{"start":{"line":134,"column":27},"end":{"line":134,"column":39}}},"5":{"name":"(anonymous_5)","line":147,"loc":{"start":{"line":147,"column":30},"end":{"line":147,"column":50}}},"6":{"name":"(anonymous_6)","line":149,"loc":{"start":{"line":149,"column":27},"end":{"line":149,"column":40}}},"7":{"name":"(anonymous_7)","line":156,"loc":{"start":{"line":156,"column":17},"end":{"line":156,"column":31}}},"8":{"name":"(anonymous_8)","line":158,"loc":{"start":{"line":158,"column":27},"end":{"line":158,"column":39}}},"9":{"name":"(anonymous_9)","line":162,"loc":{"start":{"line":162,"column":30},"end":{"line":162,"column":50}}},"10":{"name":"(anonymous_10)","line":165,"loc":{"start":{"line":165,"column":27},"end":{"line":165,"column":40}}},"11":{"name":"(anonymous_11)","line":172,"loc":{"start":{"line":172,"column":13},"end":{"line":172,"column":42}}},"12":{"name":"(anonymous_12)","line":175,"loc":{"start":{"line":175,"column":27},"end":{"line":175,"column":39}}},"13":{"name":"(anonymous_13)","line":223,"loc":{"start":{"line":223,"column":30},"end":{"line":223,"column":50}}},"14":{"name":"(anonymous_14)","line":225,"loc":{"start":{"line":225,"column":27},"end":{"line":225,"column":40}}},"15":{"name":"(anonymous_15)","line":233,"loc":{"start":{"line":233,"column":9},"end":{"line":233,"column":23}}},"16":{"name":"(anonymous_16)","line":239,"loc":{"start":{"line":239,"column":30},"end":{"line":239,"column":50}}},"17":{"name":"(anonymous_17)","line":241,"loc":{"start":{"line":241,"column":27},"end":{"line":241,"column":40}}},"18":{"name":"(anonymous_18)","line":248,"loc":{"start":{"line":248,"column":10},"end":{"line":248,"column":26}}},"19":{"name":"(anonymous_19)","line":251,"loc":{"start":{"line":251,"column":31},"end":{"line":251,"column":43}}},"20":{"name":"(anonymous_20)","line":255,"loc":{"start":{"line":255,"column":30},"end":{"line":255,"column":49}}},"21":{"name":"(anonymous_21)","line":258,"loc":{"start":{"line":258,"column":27},"end":{"line":258,"column":40}}},"22":{"name":"(anonymous_22)","line":273,"loc":{"start":{"line":273,"column":12},"end":{"line":273,"column":26}}},"23":{"name":"(anonymous_23)","line":278,"loc":{"start":{"line":278,"column":34},"end":{"line":278,"column":54}}},"24":{"name":"(anonymous_24)","line":280,"loc":{"start":{"line":280,"column":31},"end":{"line":280,"column":44}}},"25":{"name":"(anonymous_25)","line":291,"loc":{"start":{"line":291,"column":12},"end":{"line":291,"column":38}}},"26":{"name":"(anonymous_26)","line":300,"loc":{"start":{"line":300,"column":31},"end":{"line":300,"column":43}}},"27":{"name":"(anonymous_27)","line":304,"loc":{"start":{"line":304,"column":30},"end":{"line":304,"column":49}}},"28":{"name":"(anonymous_28)","line":307,"loc":{"start":{"line":307,"column":27},"end":{"line":307,"column":40}}},"29":{"name":"(anonymous_29)","line":322,"loc":{"start":{"line":322,"column":14},"end":{"line":322,"column":42}}},"30":{"name":"(anonymous_30)","line":326,"loc":{"start":{"line":326,"column":31},"end":{"line":326,"column":43}}},"31":{"name":"(anonymous_31)","line":330,"loc":{"start":{"line":330,"column":30},"end":{"line":330,"column":49}}},"32":{"name":"(anonymous_32)","line":333,"loc":{"start":{"line":333,"column":27},"end":{"line":333,"column":40}}}},"statementMap":{"1":{"start":{"line":6,"column":0},"end":{"line":7,"column":23}},"2":{"start":{"line":9,"column":0},"end":{"line":127,"column":2}},"3":{"start":{"line":13,"column":8},"end":{"line":49,"column":9}},"4":{"start":{"line":14,"column":12},"end":{"line":14,"column":55}},"5":{"start":{"line":16,"column":12},"end":{"line":16,"column":33}},"6":{"start":{"line":17,"column":12},"end":{"line":17,"column":26}},"7":{"start":{"line":19,"column":12},"end":{"line":31,"column":13}},"8":{"start":{"line":21,"column":16},"end":{"line":30,"column":17}},"9":{"start":{"line":23,"column":20},"end":{"line":23,"column":72}},"10":{"start":{"line":24,"column":20},"end":{"line":26,"column":23}},"11":{"start":{"line":27,"column":20},"end":{"line":29,"column":23}},"12":{"start":{"line":33,"column":12},"end":{"line":33,"column":78}},"13":{"start":{"line":34,"column":12},"end":{"line":40,"column":13}},"14":{"start":{"line":35,"column":16},"end":{"line":35,"column":43}},"15":{"start":{"line":36,"column":19},"end":{"line":40,"column":13}},"16":{"start":{"line":37,"column":16},"end":{"line":39,"column":18}},"17":{"start":{"line":42,"column":12},"end":{"line":42,"column":25}},"18":{"start":{"line":46,"column":12},"end":{"line":46,"column":108}},"19":{"start":{"line":47,"column":12},"end":{"line":47,"column":24}},"20":{"start":{"line":55,"column":6},"end":{"line":55,"column":47}},"21":{"start":{"line":56,"column":8},"end":{"line":124,"column":9}},"22":{"start":{"line":58,"column":10},"end":{"line":60,"column":11}},"23":{"start":{"line":59,"column":12},"end":{"line":59,"column":25}},"24":{"start":{"line":63,"column":10},"end":{"line":63,"column":24}},"25":{"start":{"line":65,"column":12},"end":{"line":118,"column":13}},"26":{"start":{"line":67,"column":16},"end":{"line":116,"column":17}},"27":{"start":{"line":72,"column":24},"end":{"line":72,"column":86}},"28":{"start":{"line":74,"column":24},"end":{"line":80,"column":25}},"29":{"start":{"line":75,"column":28},"end":{"line":75,"column":67}},"30":{"start":{"line":77,"column":28},"end":{"line":79,"column":30}},"31":{"start":{"line":82,"column":24},"end":{"line":82,"column":30}},"32":{"start":{"line":88,"column":24},"end":{"line":88,"column":45}},"33":{"start":{"line":89,"column":24},"end":{"line":89,"column":38}},"34":{"start":{"line":91,"column":24},"end":{"line":103,"column":25}},"35":{"start":{"line":93,"column":28},"end":{"line":102,"column":29}},"36":{"start":{"line":95,"column":32},"end":{"line":95,"column":83}},"37":{"start":{"line":96,"column":32},"end":{"line":98,"column":35}},"38":{"start":{"line":99,"column":32},"end":{"line":101,"column":35}},"39":{"start":{"line":105,"column":24},"end":{"line":105,"column":90}},"40":{"start":{"line":106,"column":24},"end":{"line":112,"column":25}},"41":{"start":{"line":107,"column":28},"end":{"line":107,"column":55}},"42":{"start":{"line":108,"column":31},"end":{"line":112,"column":25}},"43":{"start":{"line":109,"column":28},"end":{"line":111,"column":30}},"44":{"start":{"line":114,"column":24},"end":{"line":114,"column":30}},"45":{"start":{"line":120,"column":12},"end":{"line":120,"column":25}},"46":{"start":{"line":122,"column":12},"end":{"line":122,"column":93}},"47":{"start":{"line":123,"column":12},"end":{"line":123,"column":24}},"48":{"start":{"line":130,"column":0},"end":{"line":350,"column":2}},"49":{"start":{"line":134,"column":8},"end":{"line":153,"column":11}},"50":{"start":{"line":137,"column":12},"end":{"line":137,"column":66}},"51":{"start":{"line":139,"column":12},"end":{"line":141,"column":13}},"52":{"start":{"line":140,"column":16},"end":{"line":140,"column":82}},"53":{"start":{"line":143,"column":12},"end":{"line":143,"column":78}},"54":{"start":{"line":146,"column":12},"end":{"line":152,"column":27}},"55":{"start":{"line":148,"column":28},"end":{"line":148,"column":86}},"56":{"start":{"line":150,"column":28},"end":{"line":150,"column":122}},"57":{"start":{"line":151,"column":28},"end":{"line":151,"column":53}},"58":{"start":{"line":158,"column":8},"end":{"line":169,"column":11}},"59":{"start":{"line":161,"column":12},"end":{"line":168,"column":27}},"60":{"start":{"line":164,"column":28},"end":{"line":164,"column":105}},"61":{"start":{"line":166,"column":28},"end":{"line":166,"column":115}},"62":{"start":{"line":167,"column":28},"end":{"line":167,"column":53}},"63":{"start":{"line":175,"column":8},"end":{"line":230,"column":11}},"64":{"start":{"line":179,"column":12},"end":{"line":179,"column":70}},"65":{"start":{"line":181,"column":12},"end":{"line":183,"column":13}},"66":{"start":{"line":182,"column":16},"end":{"line":182,"column":73}},"67":{"start":{"line":185,"column":12},"end":{"line":185,"column":79}},"68":{"start":{"line":187,"column":12},"end":{"line":198,"column":15}},"69":{"start":{"line":200,"column":10},"end":{"line":219,"column":11}},"70":{"start":{"line":202,"column":12},"end":{"line":206,"column":13}},"71":{"start":{"line":203,"column":14},"end":{"line":205,"column":30}},"72":{"start":{"line":204,"column":16},"end":{"line":204,"column":59}},"73":{"start":{"line":208,"column":12},"end":{"line":218,"column":13}},"74":{"start":{"line":209,"column":14},"end":{"line":215,"column":15}},"75":{"start":{"line":210,"column":16},"end":{"line":210,"column":64}},"76":{"start":{"line":211,"column":16},"end":{"line":211,"column":61}},"77":{"start":{"line":212,"column":16},"end":{"line":212,"column":66}},"78":{"start":{"line":214,"column":16},"end":{"line":214,"column":66}},"79":{"start":{"line":217,"column":14},"end":{"line":217,"column":64}},"80":{"start":{"line":222,"column":12},"end":{"line":228,"column":23}},"81":{"start":{"line":224,"column":28},"end":{"line":224,"column":86}},"82":{"start":{"line":226,"column":24},"end":{"line":226,"column":104}},"83":{"start":{"line":227,"column":24},"end":{"line":227,"column":49}},"84":{"start":{"line":235,"column":8},"end":{"line":235,"column":53}},"85":{"start":{"line":238,"column":8},"end":{"line":245,"column":27}},"86":{"start":{"line":240,"column":28},"end":{"line":240,"column":105}},"87":{"start":{"line":243,"column":28},"end":{"line":243,"column":103}},"88":{"start":{"line":244,"column":28},"end":{"line":244,"column":53}},"89":{"start":{"line":250,"column":8},"end":{"line":270,"column":9}},"90":{"start":{"line":251,"column":12},"end":{"line":265,"column":15}},"91":{"start":{"line":254,"column":16},"end":{"line":261,"column":27}},"92":{"start":{"line":257,"column":28},"end":{"line":257,"column":85}},"93":{"start":{"line":259,"column":28},"end":{"line":259,"column":100}},"94":{"start":{"line":260,"column":28},"end":{"line":260,"column":53}},"95":{"start":{"line":268,"column":12},"end":{"line":268,"column":45}},"96":{"start":{"line":275,"column":8},"end":{"line":287,"column":9}},"97":{"start":{"line":277,"column":12},"end":{"line":284,"column":31}},"98":{"start":{"line":279,"column":32},"end":{"line":279,"column":90}},"99":{"start":{"line":282,"column":32},"end":{"line":282,"column":108}},"100":{"start":{"line":283,"column":32},"end":{"line":283,"column":57}},"101":{"start":{"line":286,"column":12},"end":{"line":286,"column":78}},"102":{"start":{"line":294,"column":8},"end":{"line":317,"column":9}},"103":{"start":{"line":296,"column":12},"end":{"line":298,"column":14}},"104":{"start":{"line":300,"column":12},"end":{"line":312,"column":15}},"105":{"start":{"line":303,"column":16},"end":{"line":310,"column":27}},"106":{"start":{"line":306,"column":28},"end":{"line":306,"column":85}},"107":{"start":{"line":308,"column":28},"end":{"line":308,"column":102}},"108":{"start":{"line":309,"column":28},"end":{"line":309,"column":53}},"109":{"start":{"line":315,"column":12},"end":{"line":315,"column":45}},"110":{"start":{"line":324,"column":8},"end":{"line":345,"column":9}},"111":{"start":{"line":326,"column":12},"end":{"line":340,"column":15}},"112":{"start":{"line":329,"column":16},"end":{"line":336,"column":27}},"113":{"start":{"line":332,"column":28},"end":{"line":332,"column":85}},"114":{"start":{"line":334,"column":28},"end":{"line":334,"column":100}},"115":{"start":{"line":335,"column":28},"end":{"line":335,"column":53}},"116":{"start":{"line":343,"column":12},"end":{"line":343,"column":45}}},"branchMap":{"1":{"line":19,"type":"if","locations":[{"start":{"line":19,"column":12},"end":{"line":19,"column":12}},{"start":{"line":19,"column":12},"end":{"line":19,"column":12}}]},"2":{"line":19,"type":"binary-expr","locations":[{"start":{"line":19,"column":16},"end":{"line":19,"column":20}},{"start":{"line":19,"column":24},"end":{"line":19,"column":38}},{"start":{"line":19,"column":42},"end":{"line":19,"column":63}}]},"3":{"line":23,"type":"binary-expr","locations":[{"start":{"line":23,"column":26},"end":{"line":23,"column":46}},{"start":{"line":23,"column":50},"end":{"line":23,"column":71}}]},"4":{"line":33,"type":"cond-expr","locations":[{"start":{"line":33,"column":64},"end":{"line":33,"column":70}},{"start":{"line":33,"column":73},"end":{"line":33,"column":77}}]},"5":{"line":33,"type":"binary-expr","locations":[{"start":{"line":33,"column":24},"end":{"line":33,"column":30}},{"start":{"line":33,"column":34},"end":{"line":33,"column":61}}]},"6":{"line":34,"type":"if","locations":[{"start":{"line":34,"column":12},"end":{"line":34,"column":12}},{"start":{"line":34,"column":12},"end":{"line":34,"column":12}}]},"7":{"line":34,"type":"binary-expr","locations":[{"start":{"line":34,"column":16},"end":{"line":34,"column":21}},{"start":{"line":34,"column":25},"end":{"line":34,"column":47}}]},"8":{"line":36,"type":"if","locations":[{"start":{"line":36,"column":19},"end":{"line":36,"column":19}},{"start":{"line":36,"column":19},"end":{"line":36,"column":19}}]},"9":{"line":58,"type":"if","locations":[{"start":{"line":58,"column":10},"end":{"line":58,"column":10}},{"start":{"line":58,"column":10},"end":{"line":58,"column":10}}]},"10":{"line":65,"type":"if","locations":[{"start":{"line":65,"column":12},"end":{"line":65,"column":12}},{"start":{"line":65,"column":12},"end":{"line":65,"column":12}}]},"11":{"line":67,"type":"switch","locations":[{"start":{"line":69,"column":20},"end":{"line":82,"column":30}},{"start":{"line":84,"column":20},"end":{"line":114,"column":30}}]},"12":{"line":72,"type":"cond-expr","locations":[{"start":{"line":72,"column":72},"end":{"line":72,"column":78}},{"start":{"line":72,"column":81},"end":{"line":72,"column":85}}]},"13":{"line":72,"type":"binary-expr","locations":[{"start":{"line":72,"column":32},"end":{"line":72,"column":38}},{"start":{"line":72,"column":42},"end":{"line":72,"column":69}}]},"14":{"line":74,"type":"if","locations":[{"start":{"line":74,"column":24},"end":{"line":74,"column":24}},{"start":{"line":74,"column":24},"end":{"line":74,"column":24}}]},"15":{"line":91,"type":"if","locations":[{"start":{"line":91,"column":24},"end":{"line":91,"column":24}},{"start":{"line":91,"column":24},"end":{"line":91,"column":24}}]},"16":{"line":91,"type":"binary-expr","locations":[{"start":{"line":91,"column":28},"end":{"line":91,"column":42}},{"start":{"line":91,"column":46},"end":{"line":91,"column":67}}]},"17":{"line":95,"type":"binary-expr","locations":[{"start":{"line":95,"column":37},"end":{"line":95,"column":57}},{"start":{"line":95,"column":61},"end":{"line":95,"column":82}}]},"18":{"line":105,"type":"cond-expr","locations":[{"start":{"line":105,"column":76},"end":{"line":105,"column":82}},{"start":{"line":105,"column":85},"end":{"line":105,"column":89}}]},"19":{"line":105,"type":"binary-expr","locations":[{"start":{"line":105,"column":36},"end":{"line":105,"column":42}},{"start":{"line":105,"column":46},"end":{"line":105,"column":73}}]},"20":{"line":106,"type":"if","locations":[{"start":{"line":106,"column":24},"end":{"line":106,"column":24}},{"start":{"line":106,"column":24},"end":{"line":106,"column":24}}]},"21":{"line":106,"type":"binary-expr","locations":[{"start":{"line":106,"column":28},"end":{"line":106,"column":33}},{"start":{"line":106,"column":37},"end":{"line":106,"column":59}}]},"22":{"line":108,"type":"if","locations":[{"start":{"line":108,"column":31},"end":{"line":108,"column":31}},{"start":{"line":108,"column":31},"end":{"line":108,"column":31}}]},"23":{"line":139,"type":"if","locations":[{"start":{"line":139,"column":12},"end":{"line":139,"column":12}},{"start":{"line":139,"column":12},"end":{"line":139,"column":12}}]},"24":{"line":139,"type":"binary-expr","locations":[{"start":{"line":139,"column":16},"end":{"line":139,"column":29}},{"start":{"line":139,"column":33},"end":{"line":139,"column":51}}]},"25":{"line":164,"type":"cond-expr","locations":[{"start":{"line":164,"column":73},"end":{"line":164,"column":77}},{"start":{"line":164,"column":80},"end":{"line":164,"column":85}}]},"26":{"line":181,"type":"if","locations":[{"start":{"line":181,"column":12},"end":{"line":181,"column":12}},{"start":{"line":181,"column":12},"end":{"line":181,"column":12}}]},"27":{"line":181,"type":"binary-expr","locations":[{"start":{"line":181,"column":16},"end":{"line":181,"column":33}},{"start":{"line":181,"column":37},"end":{"line":181,"column":60}}]},"28":{"line":200,"type":"if","locations":[{"start":{"line":200,"column":10},"end":{"line":200,"column":10}},{"start":{"line":200,"column":10},"end":{"line":200,"column":10}}]},"29":{"line":202,"type":"if","locations":[{"start":{"line":202,"column":12},"end":{"line":202,"column":12}},{"start":{"line":202,"column":12},"end":{"line":202,"column":12}}]},"30":{"line":208,"type":"if","locations":[{"start":{"line":208,"column":12},"end":{"line":208,"column":12}},{"start":{"line":208,"column":12},"end":{"line":208,"column":12}}]},"31":{"line":240,"type":"cond-expr","locations":[{"start":{"line":240,"column":73},"end":{"line":240,"column":77}},{"start":{"line":240,"column":80},"end":{"line":240,"column":85}}]},"32":{"line":250,"type":"if","locations":[{"start":{"line":250,"column":8},"end":{"line":250,"column":8}},{"start":{"line":250,"column":8},"end":{"line":250,"column":8}}]},"33":{"line":275,"type":"if","locations":[{"start":{"line":275,"column":8},"end":{"line":275,"column":8}},{"start":{"line":275,"column":8},"end":{"line":275,"column":8}}]},"34":{"line":294,"type":"if","locations":[{"start":{"line":294,"column":8},"end":{"line":294,"column":8}},{"start":{"line":294,"column":8},"end":{"line":294,"column":8}}]},"35":{"line":294,"type":"binary-expr","locations":[{"start":{"line":294,"column":12},"end":{"line":294,"column":14}},{"start":{"line":294,"column":18},"end":{"line":294,"column":30}}]},"36":{"line":324,"type":"if","locations":[{"start":{"line":324,"column":8},"end":{"line":324,"column":8}},{"start":{"line":324,"column":8},"end":{"line":324,"column":8}}]},"37":{"line":324,"type":"binary-expr","locations":[{"start":{"line":324,"column":12},"end":{"line":324,"column":22}},{"start":{"line":324,"column":26},"end":{"line":324,"column":30}}]}}},"d:\\Workspace\\Laicos\\Source\\ibhs\\post_disaster\\data_collector_admin\\api\\models\\Company.js":{"path":"d:\\Workspace\\Laicos\\Source\\ibhs\\post_disaster\\data_collector_admin\\api\\models\\Company.js","s":{"1":1,"2":0,"3":0,"4":0,"5":0,"6":0,"7":0,"8":0,"9":0,"10":0},"b":{"1":[0,0]},"f":{"1":0},"fnMap":{"1":{"name":"(anonymous_1)","line":40,"loc":{"start":{"line":40,"column":11},"end":{"line":40,"column":27}}}},"statementMap":{"1":{"start":{"line":8,"column":0},"end":{"line":54,"column":2}},"2":{"start":{"line":43,"column":8},"end":{"line":43,"column":31}},"3":{"start":{"line":44,"column":8},"end":{"line":44,"column":26}},"4":{"start":{"line":45,"column":8},"end":{"line":45,"column":27}},"5":{"start":{"line":46,"column":8},"end":{"line":46,"column":23}},"6":{"start":{"line":47,"column":8},"end":{"line":47,"column":24}},"7":{"start":{"line":48,"column":8},"end":{"line":48,"column":26}},"8":{"start":{"line":49,"column":8},"end":{"line":49,"column":24}},"9":{"start":{"line":50,"column":8},"end":{"line":50,"column":25}},"10":{"start":{"line":51,"column":8},"end":{"line":51,"column":27}}},"branchMap":{"1":{"line":43,"type":"binary-expr","locations":[{"start":{"line":43,"column":20},"end":{"line":43,"column":24}},{"start":{"line":43,"column":28},"end":{"line":43,"column":30}}]}}},"d:\\Workspace\\Laicos\\Source\\ibhs\\post_disaster\\data_collector_admin\\api\\models\\Form.js":{"path":"d:\\Workspace\\Laicos\\Source\\ibhs\\post_disaster\\data_collector_admin\\api\\models\\Form.js","s":{"1":1,"2":1,"3":1,"4":0,"5":0,"6":0,"7":0,"8":0,"9":0,"10":0,"11":0,"12":0,"13":0,"14":0,"15":0,"16":0,"17":0,"18":0,"19":0,"20":0,"21":0,"22":0,"23":0,"24":0,"25":0,"26":0,"27":0,"28":1},"b":{"1":[0,0],"2":[0,0],"3":[0,0],"4":[0,0]},"f":{"1":0,"2":0,"3":0,"4":0},"fnMap":{"1":{"name":"(anonymous_1)","line":43,"loc":{"start":{"line":43,"column":11},"end":{"line":43,"column":48}}},"2":{"name":"(anonymous_2)","line":52,"loc":{"start":{"line":52,"column":13},"end":{"line":52,"column":33}}},"3":{"name":"(anonymous_3)","line":64,"loc":{"start":{"line":64,"column":53},"end":{"line":64,"column":72}}},"4":{"name":"(anonymous_4)","line":67,"loc":{"start":{"line":67,"column":60},"end":{"line":67,"column":76}}}},"statementMap":{"1":{"start":{"line":8,"column":0},"end":{"line":8,"column":31}},"2":{"start":{"line":9,"column":0},"end":{"line":9,"column":63}},"3":{"start":{"line":11,"column":0},"end":{"line":98,"column":2}},"4":{"start":{"line":45,"column":8},"end":{"line":45,"column":31}},"5":{"start":{"line":46,"column":8},"end":{"line":46,"column":41}},"6":{"start":{"line":47,"column":8},"end":{"line":47,"column":39}},"7":{"start":{"line":48,"column":8},"end":{"line":48,"column":27}},"8":{"start":{"line":54,"column":8},"end":{"line":96,"column":9}},"9":{"start":{"line":55,"column":12},"end":{"line":88,"column":13}},"10":{"start":{"line":57,"column":16},"end":{"line":57,"column":66}},"11":{"start":{"line":58,"column":16},"end":{"line":60,"column":18}},"12":{"start":{"line":61,"column":16},"end":{"line":61,"column":39}},"13":{"start":{"line":62,"column":16},"end":{"line":62,"column":30}},"14":{"start":{"line":64,"column":16},"end":{"line":79,"column":19}},"15":{"start":{"line":66,"column":20},"end":{"line":66,"column":37}},"16":{"start":{"line":67,"column":20},"end":{"line":73,"column":23}},"17":{"start":{"line":69,"column":24},"end":{"line":69,"column":64}},"18":{"start":{"line":70,"column":24},"end":{"line":70,"column":93}},"19":{"start":{"line":71,"column":24},"end":{"line":71,"column":36}},"20":{"start":{"line":75,"column":20},"end":{"line":75,"column":104}},"21":{"start":{"line":77,"column":20},"end":{"line":77,"column":40}},"22":{"start":{"line":81,"column":16},"end":{"line":81,"column":66}},"23":{"start":{"line":82,"column":16},"end":{"line":82,"column":55}},"24":{"start":{"line":84,"column":16},"end":{"line":84,"column":65}},"25":{"start":{"line":87,"column":16},"end":{"line":87,"column":28}},"26":{"start":{"line":93,"column":12},"end":{"line":93,"column":71}},"27":{"start":{"line":94,"column":12},"end":{"line":94,"column":24}},"28":{"start":{"line":101,"column":0},"end":{"line":101,"column":44}}},"branchMap":{"1":{"line":45,"type":"binary-expr","locations":[{"start":{"line":45,"column":20},"end":{"line":45,"column":24}},{"start":{"line":45,"column":28},"end":{"line":45,"column":30}}]},"2":{"line":46,"type":"binary-expr","locations":[{"start":{"line":46,"column":25},"end":{"line":46,"column":34}},{"start":{"line":46,"column":38},"end":{"line":46,"column":40}}]},"3":{"line":47,"type":"binary-expr","locations":[{"start":{"line":47,"column":24},"end":{"line":47,"column":32}},{"start":{"line":47,"column":36},"end":{"line":47,"column":38}}]},"4":{"line":55,"type":"if","locations":[{"start":{"line":55,"column":12},"end":{"line":55,"column":12}},{"start":{"line":55,"column":12},"end":{"line":55,"column":12}}]}}},"d:\\Workspace\\Laicos\\Source\\ibhs\\post_disaster\\data_collector_admin\\api\\lib\\factories\\MongoFactory.js":{"path":"d:\\Workspace\\Laicos\\Source\\ibhs\\post_disaster\\data_collector_admin\\api\\lib\\factories\\MongoFactory.js","s":{"1":1,"2":1,"3":0,"4":0,"5":0,"6":0,"7":0,"8":0,"9":0,"10":0,"11":0,"12":0,"13":0,"14":0,"15":0,"16":0,"17":0,"18":0,"19":0,"20":0,"21":0,"22":0,"23":0,"24":0,"25":0,"26":0,"27":0,"28":0,"29":0,"30":0,"31":0,"32":0,"33":0,"34":0,"35":0,"36":0,"37":0,"38":0,"39":0,"40":2,"41":2,"42":2,"43":2,"44":2,"45":2,"46":2,"47":2,"48":0,"49":0,"50":2,"51":2,"52":0,"53":0,"54":2,"55":0,"56":0,"57":0,"58":0,"59":0,"60":0,"61":0,"62":0,"63":0,"64":0,"65":0,"66":0,"67":0,"68":0,"69":0,"70":0,"71":0,"72":0,"73":0,"74":0,"75":0,"76":0,"77":0,"78":0,"79":0,"80":0,"81":0,"82":0,"83":0,"84":0,"85":0,"86":0,"87":0,"88":0,"89":0,"90":0,"91":0},"b":{"1":[0,0],"2":[0,0],"3":[0,0],"4":[0,0],"5":[0,0],"6":[0,0],"7":[0,0],"8":[0,0],"9":[0,0],"10":[0,0],"11":[0,0],"12":[0,0],"13":[0,0],"14":[0,0],"15":[0,0],"16":[0,0],"17":[2,2],"18":[2,0],"19":[2,2],"20":[2,1],"21":[0,2],"22":[0,2],"23":[0,0],"24":[0,0],"25":[0,0],"26":[0,0],"27":[0,0],"28":[0,0],"29":[0,0],"30":[0,0],"31":[0,0],"32":[0,0],"33":[0,0],"34":[0,0],"35":[0,0],"36":[0,0]},"f":{"1":0,"2":0,"3":0,"4":0,"5":0,"6":0,"7":0,"8":0,"9":0,"10":0,"11":0,"12":0,"13":2,"14":2,"15":2,"16":2,"17":0,"18":0,"19":0,"20":0,"21":0,"22":0,"23":0,"24":0,"25":0,"26":0,"27":0},"fnMap":{"1":{"name":"(anonymous_1)","line":10,"loc":{"start":{"line":10,"column":18},"end":{"line":10,"column":45}}},"2":{"name":"(anonymous_2)","line":19,"loc":{"start":{"line":19,"column":27},"end":{"line":19,"column":54}}},"3":{"name":"(anonymous_3)","line":21,"loc":{"start":{"line":21,"column":23},"end":{"line":21,"column":43}}},"4":{"name":"(anonymous_4)","line":34,"loc":{"start":{"line":34,"column":25},"end":{"line":34,"column":48}}},"5":{"name":"(anonymous_5)","line":57,"loc":{"start":{"line":57,"column":19},"end":{"line":57,"column":59}}},"6":{"name":"(anonymous_6)","line":63,"loc":{"start":{"line":63,"column":31},"end":{"line":63,"column":58}}},"7":{"name":"(anonymous_7)","line":66,"loc":{"start":{"line":66,"column":29},"end":{"line":66,"column":49}}},"8":{"name":"(anonymous_8)","line":77,"loc":{"start":{"line":77,"column":37},"end":{"line":77,"column":60}}},"9":{"name":"(anonymous_9)","line":99,"loc":{"start":{"line":99,"column":21},"end":{"line":99,"column":53}}},"10":{"name":"(anonymous_10)","line":103,"loc":{"start":{"line":103,"column":27},"end":{"line":103,"column":54}}},"11":{"name":"(anonymous_11)","line":106,"loc":{"start":{"line":106,"column":25},"end":{"line":106,"column":45}}},"12":{"name":"(anonymous_12)","line":115,"loc":{"start":{"line":115,"column":77},"end":{"line":115,"column":100}}},"13":{"name":"(anonymous_13)","line":135,"loc":{"start":{"line":135,"column":21},"end":{"line":135,"column":69}}},"14":{"name":"(anonymous_14)","line":139,"loc":{"start":{"line":139,"column":27},"end":{"line":139,"column":54}}},"15":{"name":"(anonymous_15)","line":149,"loc":{"start":{"line":149,"column":29},"end":{"line":149,"column":47}}},"16":{"name":"(anonymous_16)","line":161,"loc":{"start":{"line":161,"column":28},"end":{"line":161,"column":51}}},"17":{"name":"(anonymous_17)","line":180,"loc":{"start":{"line":180,"column":12},"end":{"line":180,"column":47}}},"18":{"name":"(anonymous_18)","line":184,"loc":{"start":{"line":184,"column":27},"end":{"line":184,"column":54}}},"19":{"name":"(anonymous_19)","line":198,"loc":{"start":{"line":198,"column":29},"end":{"line":198,"column":47}}},"20":{"name":"(anonymous_20)","line":210,"loc":{"start":{"line":210,"column":28},"end":{"line":210,"column":51}}},"21":{"name":"(anonymous_21)","line":227,"loc":{"start":{"line":227,"column":26},"end":{"line":227,"column":41}}},"22":{"name":"(anonymous_22)","line":229,"loc":{"start":{"line":229,"column":23},"end":{"line":229,"column":36}}},"23":{"name":"(anonymous_23)","line":238,"loc":{"start":{"line":238,"column":12},"end":{"line":238,"column":50}}},"24":{"name":"(anonymous_24)","line":242,"loc":{"start":{"line":242,"column":27},"end":{"line":242,"column":54}}},"25":{"name":"(anonymous_25)","line":245,"loc":{"start":{"line":245,"column":25},"end":{"line":245,"column":45}}},"26":{"name":"(anonymous_26)","line":257,"loc":{"start":{"line":257,"column":62},"end":{"line":257,"column":85}}},"27":{"name":"(anonymous_27)","line":267,"loc":{"start":{"line":267,"column":54},"end":{"line":267,"column":77}}}},"statementMap":{"1":{"start":{"line":6,"column":0},"end":{"line":6,"column":34}},"2":{"start":{"line":8,"column":0},"end":{"line":286,"column":2}},"3":{"start":{"line":12,"column":8},"end":{"line":15,"column":9}},"4":{"start":{"line":14,"column":10},"end":{"line":14,"column":46}},"5":{"start":{"line":17,"column":8},"end":{"line":17,"column":40}},"6":{"start":{"line":19,"column":8},"end":{"line":53,"column":11}},"7":{"start":{"line":21,"column":10},"end":{"line":51,"column":13}},"8":{"start":{"line":23,"column":12},"end":{"line":49,"column":13}},"9":{"start":{"line":25,"column":14},"end":{"line":25,"column":115}},"10":{"start":{"line":26,"column":14},"end":{"line":26,"column":26}},"11":{"start":{"line":30,"column":14},"end":{"line":47,"column":19}},"12":{"start":{"line":36,"column":18},"end":{"line":38,"column":31}},"13":{"start":{"line":39,"column":18},"end":{"line":41,"column":19}},"14":{"start":{"line":40,"column":20},"end":{"line":40,"column":46}},"15":{"start":{"line":42,"column":18},"end":{"line":44,"column":19}},"16":{"start":{"line":43,"column":20},"end":{"line":43,"column":40}},"17":{"start":{"line":45,"column":18},"end":{"line":45,"column":31}},"18":{"start":{"line":59,"column":8},"end":{"line":95,"column":9}},"19":{"start":{"line":61,"column":12},"end":{"line":61,"column":44}},"20":{"start":{"line":63,"column":12},"end":{"line":92,"column":15}},"21":{"start":{"line":66,"column":16},"end":{"line":89,"column":19}},"22":{"start":{"line":68,"column":20},"end":{"line":88,"column":21}},"23":{"start":{"line":69,"column":24},"end":{"line":69,"column":125}},"24":{"start":{"line":70,"column":24},"end":{"line":70,"column":36}},"25":{"start":{"line":75,"column":24},"end":{"line":85,"column":31}},"26":{"start":{"line":80,"column":32},"end":{"line":84,"column":33}},"27":{"start":{"line":81,"column":36},"end":{"line":81,"column":55}},"28":{"start":{"line":83,"column":36},"end":{"line":83,"column":50}},"29":{"start":{"line":94,"column":12},"end":{"line":94,"column":48}},"30":{"start":{"line":101,"column":8},"end":{"line":101,"column":40}},"31":{"start":{"line":103,"column":8},"end":{"line":130,"column":11}},"32":{"start":{"line":106,"column":12},"end":{"line":127,"column":15}},"33":{"start":{"line":108,"column":16},"end":{"line":126,"column":17}},"34":{"start":{"line":109,"column":20},"end":{"line":109,"column":123}},"35":{"start":{"line":110,"column":20},"end":{"line":110,"column":32}},"36":{"start":{"line":115,"column":20},"end":{"line":123,"column":23}},"37":{"start":{"line":118,"column":24},"end":{"line":122,"column":25}},"38":{"start":{"line":119,"column":28},"end":{"line":119,"column":39}},"39":{"start":{"line":121,"column":28},"end":{"line":121,"column":44}},"40":{"start":{"line":137,"column":8},"end":{"line":137,"column":40}},"41":{"start":{"line":139,"column":8},"end":{"line":177,"column":11}},"42":{"start":{"line":141,"column":12},"end":{"line":176,"column":13}},"43":{"start":{"line":144,"column":16},"end":{"line":144,"column":55}},"44":{"start":{"line":145,"column":16},"end":{"line":145,"column":43}},"45":{"start":{"line":146,"column":16},"end":{"line":146,"column":42}},"46":{"start":{"line":149,"column":16},"end":{"line":171,"column":19}},"47":{"start":{"line":152,"column":20},"end":{"line":170,"column":21}},"48":{"start":{"line":154,"column":24},"end":{"line":154,"column":91}},"49":{"start":{"line":155,"column":24},"end":{"line":155,"column":34}},"50":{"start":{"line":159,"column":24},"end":{"line":168,"column":31}},"51":{"start":{"line":162,"column":32},"end":{"line":167,"column":33}},"52":{"start":{"line":163,"column":36},"end":{"line":163,"column":112}},"53":{"start":{"line":164,"column":36},"end":{"line":164,"column":48}},"54":{"start":{"line":166,"column":36},"end":{"line":166,"column":50}},"55":{"start":{"line":174,"column":16},"end":{"line":174,"column":58}},"56":{"start":{"line":182,"column":8},"end":{"line":182,"column":40}},"57":{"start":{"line":184,"column":8},"end":{"line":235,"column":11}},"58":{"start":{"line":186,"column":12},"end":{"line":186,"column":39}},"59":{"start":{"line":188,"column":12},"end":{"line":234,"column":13}},"60":{"start":{"line":191,"column":16},"end":{"line":191,"column":55}},"61":{"start":{"line":192,"column":16},"end":{"line":192,"column":63}},"62":{"start":{"line":194,"column":16},"end":{"line":194,"column":30}},"63":{"start":{"line":195,"column":16},"end":{"line":195,"column":31}},"64":{"start":{"line":198,"column":16},"end":{"line":222,"column":19}},"65":{"start":{"line":201,"column":20},"end":{"line":221,"column":21}},"66":{"start":{"line":203,"column":24},"end":{"line":203,"column":82}},"67":{"start":{"line":204,"column":24},"end":{"line":204,"column":34}},"68":{"start":{"line":208,"column":24},"end":{"line":217,"column":31}},"69":{"start":{"line":211,"column":32},"end":{"line":216,"column":33}},"70":{"start":{"line":212,"column":36},"end":{"line":212,"column":103}},"71":{"start":{"line":213,"column":36},"end":{"line":213,"column":48}},"72":{"start":{"line":215,"column":36},"end":{"line":215,"column":49}},"73":{"start":{"line":226,"column":16},"end":{"line":232,"column":23}},"74":{"start":{"line":228,"column":24},"end":{"line":228,"column":37}},"75":{"start":{"line":230,"column":24},"end":{"line":230,"column":84}},"76":{"start":{"line":231,"column":24},"end":{"line":231,"column":34}},"77":{"start":{"line":240,"column":8},"end":{"line":240,"column":40}},"78":{"start":{"line":242,"column":8},"end":{"line":283,"column":11}},"79":{"start":{"line":245,"column":12},"end":{"line":280,"column":15}},"80":{"start":{"line":247,"column":16},"end":{"line":279,"column":17}},"81":{"start":{"line":248,"column":20},"end":{"line":248,"column":114}},"82":{"start":{"line":249,"column":20},"end":{"line":249,"column":32}},"83":{"start":{"line":255,"column":20},"end":{"line":276,"column":21}},"84":{"start":{"line":257,"column":24},"end":{"line":264,"column":27}},"85":{"start":{"line":259,"column":28},"end":{"line":263,"column":29}},"86":{"start":{"line":260,"column":32},"end":{"line":260,"column":43}},"87":{"start":{"line":262,"column":32},"end":{"line":262,"column":48}},"88":{"start":{"line":267,"column":24},"end":{"line":275,"column":27}},"89":{"start":{"line":270,"column":28},"end":{"line":274,"column":29}},"90":{"start":{"line":271,"column":32},"end":{"line":271,"column":43}},"91":{"start":{"line":273,"column":32},"end":{"line":273,"column":48}}},"branchMap":{"1":{"line":12,"type":"if","locations":[{"start":{"line":12,"column":8},"end":{"line":12,"column":8}},{"start":{"line":12,"column":8},"end":{"line":12,"column":8}}]},"2":{"line":17,"type":"binary-expr","locations":[{"start":{"line":17,"column":20},"end":{"line":17,"column":31}},{"start":{"line":17,"column":35},"end":{"line":17,"column":39}}]},"3":{"line":23,"type":"if","locations":[{"start":{"line":23,"column":12},"end":{"line":23,"column":12}},{"start":{"line":23,"column":12},"end":{"line":23,"column":12}}]},"4":{"line":36,"type":"cond-expr","locations":[{"start":{"line":37,"column":22},"end":{"line":37,"column":31}},{"start":{"line":38,"column":22},"end":{"line":38,"column":31}}]},"5":{"line":36,"type":"
[...]
,"column":10},"end":{"line":78,"column":33}},"27":{"start":{"line":79,"column":8},"end":{"line":79,"column":19}},"28":{"start":{"line":83,"column":8},"end":{"line":83,"column":44}},"29":{"start":{"line":86,"column":8},"end":{"line":86,"column":27}},"30":{"start":{"line":89,"column":8},"end":{"line":89,"column":50}},"31":{"start":{"line":94,"column":4},"end":{"line":113,"column":8}},"32":{"start":{"line":100,"column":8},"end":{"line":100,"column":69}},"33":{"start":{"line":103,"column":8},"end":{"line":103,"column":27}},"34":{"start":{"line":106,"column":8},"end":{"line":106,"column":27}},"35":{"start":{"line":109,"column":8},"end":{"line":109,"column":33}},"36":{"start":{"line":112,"column":8},"end":{"line":112,"column":50}},"37":{"start":{"line":117,"column":0},"end":{"line":130,"column":1}},"38":{"start":{"line":118,"column":2},"end":{"line":128,"column":3}},"39":{"start":{"line":119,"column":4},"end":{"line":119,"column":21}},"40":{"start":{"line":120,"column":4},"end":{"line":127,"column":8}},"41":{"start":{"line":122,"column":8},"end":{"line":124,"column":9}},"42":{"start":{"line":123,"column":10},"end":{"line":123,"column":63}},"43":{"start":{"line":125,"column":8},"end":{"line":125,"column":34}},"44":{"start":{"line":126,"column":8},"end":{"line":126,"column":19}},"45":{"start":{"line":129,"column":2},"end":{"line":129,"column":30}},"46":{"start":{"line":132,"column":0},"end":{"line":134,"column":1}},"47":{"start":{"line":133,"column":2},"end":{"line":133,"column":51}},"48":{"start":{"line":136,"column":0},"end":{"line":142,"column":1}},"49":{"start":{"line":137,"column":2},"end":{"line":141,"column":6}},"50":{"start":{"line":139,"column":6},"end":{"line":139,"column":33}},"51":{"start":{"line":140,"column":6},"end":{"line":140,"column":17}},"52":{"start":{"line":144,"column":0},"end":{"line":157,"column":1}},"53":{"start":{"line":145,"column":2},"end":{"line":156,"column":4}},"54":{"start":{"line":146,"column":4},"end":{"line":148,"column":5}},"55":{"start":{"line":147,"column":6},"end":{"line":147,"column":22}},"56":{"start":{"line":149,"column":4},"end":{"line":155,"column":8}},"57":{"start":{"line":151,"column":8},"end":{"line":153,"column":9}},"58":{"start":{"line":152,"column":10},"end":{"line":152,"column":28}},"59":{"start":{"line":154,"column":8},"end":{"line":154,"column":31}},"60":{"start":{"line":159,"column":0},"end":{"line":163,"column":1}},"61":{"start":{"line":160,"column":2},"end":{"line":162,"column":27}},"62":{"start":{"line":165,"column":0},"end":{"line":184,"column":1}},"63":{"start":{"line":166,"column":2},"end":{"line":183,"column":4}},"64":{"start":{"line":167,"column":4},"end":{"line":169,"column":5}},"65":{"start":{"line":168,"column":6},"end":{"line":168,"column":48}},"66":{"start":{"line":171,"column":4},"end":{"line":182,"column":8}},"67":{"start":{"line":175,"column":8},"end":{"line":177,"column":9}},"68":{"start":{"line":176,"column":10},"end":{"line":176,"column":28}},"69":{"start":{"line":178,"column":8},"end":{"line":180,"column":9}},"70":{"start":{"line":179,"column":10},"end":{"line":179,"column":62}},"71":{"start":{"line":181,"column":8},"end":{"line":181,"column":21}},"72":{"start":{"line":186,"column":0},"end":{"line":236,"column":1}},"73":{"start":{"line":188,"column":2},"end":{"line":190,"column":3}},"74":{"start":{"line":189,"column":4},"end":{"line":189,"column":14}},"75":{"start":{"line":191,"column":2},"end":{"line":202,"column":18}},"76":{"start":{"line":204,"column":2},"end":{"line":212,"column":3}},"77":{"start":{"line":205,"column":4},"end":{"line":205,"column":34}},"78":{"start":{"line":206,"column":4},"end":{"line":211,"column":5}},"79":{"start":{"line":214,"column":2},"end":{"line":216,"column":3}},"80":{"start":{"line":215,"column":4},"end":{"line":215,"column":43}},"81":{"start":{"line":218,"column":2},"end":{"line":222,"column":3}},"82":{"start":{"line":219,"column":4},"end":{"line":219,"column":38}},"83":{"start":{"line":221,"column":4},"end":{"line":221,"column":44}},"84":{"start":{"line":224,"column":2},"end":{"line":230,"column":3}},"85":{"start":{"line":225,"column":4},"end":{"line":225,"column":37}},"86":{"start":{"line":226,"column":4},"end":{"line":228,"column":5}},"87":{"start":{"line":227,"column":6},"end":{"line":227,"column":22}},"88":{"start":{"line":229,"column":4},"end":{"line":229,"column":38}},"89":{"start":{"line":232,"column":2},"end":{"line":234,"column":3}},"90":{"start":{"line":233,"column":4},"end":{"line":233,"column":42}},"91":{"start":{"line":235,"column":2},"end":{"line":235,"column":20}},"92":{"start":{"line":241,"column":0},"end":{"line":245,"column":1}},"93":{"start":{"line":242,"column":2},"end":{"line":242,"column":28}},"94":{"start":{"line":243,"column":2},"end":{"line":243,"column":22}},"95":{"start":{"line":244,"column":2},"end":{"line":244,"column":29}},"96":{"start":{"line":246,"column":0},"end":{"line":246,"column":56}},"97":{"start":{"line":248,"column":0},"end":{"line":252,"column":1}},"98":{"start":{"line":249,"column":2},"end":{"line":249,"column":63}},"99":{"start":{"line":250,"column":2},"end":{"line":250,"column":22}},"100":{"start":{"line":251,"column":2},"end":{"line":251,"column":34}},"101":{"start":{"line":253,"column":0},"end":{"line":253,"column":61}},"102":{"start":{"line":255,"column":0},"end":{"line":260,"column":1}},"103":{"start":{"line":256,"column":2},"end":{"line":256,"column":39}},"104":{"start":{"line":257,"column":2},"end":{"line":257,"column":22}},"105":{"start":{"line":258,"column":2},"end":{"line":258,"column":33}},"106":{"start":{"line":261,"column":0},"end":{"line":261,"column":60}},"107":{"start":{"line":263,"column":0},"end":{"line":267,"column":1}},"108":{"start":{"line":264,"column":2},"end":{"line":264,"column":39}},"109":{"start":{"line":265,"column":2},"end":{"line":265,"column":22}},"110":{"start":{"line":266,"column":2},"end":{"line":266,"column":37}},"111":{"start":{"line":268,"column":0},"end":{"line":268,"column":64}}},"branchMap":{"1":{"line":32,"type":"if","locations":[{"start":{"line":32,"column":8},"end":{"line":32,"column":8}},{"start":{"line":32,"column":8},"end":{"line":32,"column":8}}]},"2":{"line":33,"type":"if","locations":[{"start":{"line":33,"column":10},"end":{"line":33,"column":10}},{"start":{"line":33,"column":10},"end":{"line":33,"column":10}}]},"3":{"line":48,"type":"if","locations":[{"start":{"line":48,"column":4},"end":{"line":48,"column":4}},{"start":{"line":48,"column":4},"end":{"line":48,"column":4}}]},"4":{"line":58,"type":"if","locations":[{"start":{"line":58,"column":8},"end":{"line":58,"column":8}},{"start":{"line":58,"column":8},"end":{"line":58,"column":8}}]},"5":{"line":58,"type":"binary-expr","locations":[{"start":{"line":58,"column":12},"end":{"line":58,"column":28}},{"start":{"line":58,"column":32},"end":{"line":58,"column":51}}]},"6":{"line":64,"type":"if","locations":[{"start":{"line":64,"column":8},"end":{"line":64,"column":8}},{"start":{"line":64,"column":8},"end":{"line":64,"column":8}}]},"7":{"line":77,"type":"if","locations":[{"start":{"line":77,"column":8},"end":{"line":77,"column":8}},{"start":{"line":77,"column":8},"end":{"line":77,"column":8}}]},"8":{"line":118,"type":"if","locations":[{"start":{"line":118,"column":2},"end":{"line":118,"column":2}},{"start":{"line":118,"column":2},"end":{"line":118,"column":2}}]},"9":{"line":118,"type":"binary-expr","locations":[{"start":{"line":118,"column":6},"end":{"line":118,"column":32}},{"start":{"line":118,"column":36},"end":{"line":118,"column":58}}]},"10":{"line":122,"type":"if","locations":[{"start":{"line":122,"column":8},"end":{"line":122,"column":8}},{"start":{"line":122,"column":8},"end":{"line":122,"column":8}}]},"11":{"line":146,"type":"if","locations":[{"start":{"line":146,"column":4},"end":{"line":146,"column":4}},{"start":{"line":146,"column":4},"end":{"line":146,"column":4}}]},"12":{"line":151,"type":"if","locations":[{"start":{"line":151,"column":8},"end":{"line":151,"column":8}},{"start":{"line":151,"column":8},"end":{"line":151,"column":8}}]},"13":{"line":160,"type":"cond-expr","locations":[{"start":{"line":161,"column":6},"end":{"line":161,"column":45}},{"start":{"line":162,"column":6},"end":{"line":162,"column":27}}]},"14":{"line":160,"type":"binary-expr","locations":[{"start":{"line":160,"column":9},"end":{"line":160,"column":14}},{"start":{"line":160,"column":18},"end":{"line":160,"column":35}}]},"15":{"line":167,"type":"if","locations":[{"start":{"line":167,"column":4},"end":{"line":167,"column":4}},{"start":{"line":167,"column":4},"end":{"line":167,"column":4}}]},"16":{"line":175,"type":"if","locations":[{"start":{"line":175,"column":8},"end":{"line":175,"column":8}},{"start":{"line":175,"column":8},"end":{"line":175,"column":8}}]},"17":{"line":178,"type":"if","locations":[{"start":{"line":178,"column":8},"end":{"line":178,"column":8}},{"start":{"line":178,"column":8},"end":{"line":178,"column":8}}]},"18":{"line":188,"type":"if","locations":[{"start":{"line":188,"column":2},"end":{"line":188,"column":2}},{"start":{"line":188,"column":2},"end":{"line":188,"column":2}}]},"19":{"line":204,"type":"if","locations":[{"start":{"line":204,"column":2},"end":{"line":204,"column":2}},{"start":{"line":204,"column":2},"end":{"line":204,"column":2}}]},"20":{"line":214,"type":"if","locations":[{"start":{"line":214,"column":2},"end":{"line":214,"column":2}},{"start":{"line":214,"column":2},"end":{"line":214,"column":2}}]},"21":{"line":218,"type":"if","locations":[{"start":{"line":218,"column":2},"end":{"line":218,"column":2}},{"start":{"line":218,"column":2},"end":{"line":218,"column":2}}]},"22":{"line":224,"type":"if","locations":[{"start":{"line":224,"column":2},"end":{"line":224,"column":2}},{"start":{"line":224,"column":2},"end":{"line":224,"column":2}}]},"23":{"line":226,"type":"if","locations":[{"start":{"line":226,"column":4},"end":{"line":226,"column":4}},{"start":{"line":226,"column":4},"end":{"line":226,"column":4}}]},"24":{"line":232,"type":"if","locations":[{"start":{"line":232,"column":2},"end":{"line":232,"column":2}},{"start":{"line":232,"column":2},"end":{"line":232,"column":2}}]}}},"d:\\Workspace\\Laicos\\Source\\ibhs\\post_disaster\\data_collector_admin\\api\\policies\\adminToken.js":{"path":"d:\\Workspace\\Laicos\\Source\\ibhs\\post_disaster\\data_collector_admin\\api\\policies\\adminToken.js","s":{"1":1,"2":0,"3":0,"4":0,"5":0,"6":0,"7":0,"8":0,"9":0,"10":0,"11":0},"b":{"1":[0,0],"2":[0,0]},"f":{"1":0,"2":0,"3":0},"fnMap":{"1":{"name":"(anonymous_1)","line":5,"loc":{"start":{"line":5,"column":17},"end":{"line":5,"column":43}}},"2":{"name":"(anonymous_2)","line":12,"loc":{"start":{"line":12,"column":59},"end":{"line":12,"column":78}}},"3":{"name":"(anonymous_3)","line":23,"loc":{"start":{"line":23,"column":11},"end":{"line":23,"column":24}}}},"statementMap":{"1":{"start":{"line":5,"column":0},"end":{"line":32,"column":2}},"2":{"start":{"line":7,"column":4},"end":{"line":30,"column":5}},"3":{"start":{"line":9,"column":8},"end":{"line":9,"column":78}},"4":{"start":{"line":12,"column":8},"end":{"line":25,"column":11}},"5":{"start":{"line":14,"column":12},"end":{"line":22,"column":13}},"6":{"start":{"line":15,"column":16},"end":{"line":15,"column":51}},"7":{"start":{"line":16,"column":16},"end":{"line":16,"column":30}},"8":{"start":{"line":20,"column":16},"end":{"line":20,"column":87}},"9":{"start":{"line":21,"column":16},"end":{"line":21,"column":68}},"10":{"start":{"line":24,"column":12},"end":{"line":24,"column":49}},"11":{"start":{"line":29,"column":8},"end":{"line":29,"column":53}}},"branchMap":{"1":{"line":9,"type":"binary-expr","locations":[{"start":{"line":9,"column":27},"end":{"line":9,"column":50}},{"start":{"line":9,"column":54},"end":{"line":9,"column":76}}]},"2":{"line":14,"type":"if","locations":[{"start":{"line":14,"column":12},"end":{"line":14,"column":12}},{"start":{"line":14,"column":12},"end":{"line":14,"column":12}}]}}},"d:\\Workspace\\Laicos\\Source\\ibhs\\post_disaster\\data_collector_admin\\api\\policies\\bearerToken.js":{"path":"d:\\Workspace\\Laicos\\Source\\ibhs\\post_disaster\\data_collector_admin\\api\\policies\\bearerToken.js","s":{"1":1,"2":1,"3":0,"4":0,"5":0,"6":0,"7":0,"8":0,"9":0},"b":{"1":[0,0],"2":[0,0],"3":[0,0]},"f":{"1":0,"2":0},"fnMap":{"1":{"name":"(anonymous_1)","line":6,"loc":{"start":{"line":6,"column":17},"end":{"line":6,"column":43}}},"2":{"name":"(anonymous_2)","line":9,"loc":{"start":{"line":9,"column":6},"end":{"line":9,"column":31}}}},"statementMap":{"1":{"start":{"line":4,"column":0},"end":{"line":4,"column":35}},"2":{"start":{"line":6,"column":0},"end":{"line":20,"column":2}},"3":{"start":{"line":8,"column":4},"end":{"line":18,"column":25}},"4":{"start":{"line":10,"column":10},"end":{"line":17,"column":11}},"5":{"start":{"line":11,"column":14},"end":{"line":11,"column":45}},"6":{"start":{"line":12,"column":17},"end":{"line":17,"column":11}},"7":{"start":{"line":13,"column":14},"end":{"line":13,"column":45}},"8":{"start":{"line":15,"column":14},"end":{"line":15,"column":50}},"9":{"start":{"line":16,"column":14},"end":{"line":16,"column":21}}},"branchMap":{"1":{"line":10,"type":"if","locations":[{"start":{"line":10,"column":10},"end":{"line":10,"column":10}},{"start":{"line":10,"column":10},"end":{"line":10,"column":10}}]},"2":{"line":12,"type":"if","locations":[{"start":{"line":12,"column":17},"end":{"line":12,"column":17}},{"start":{"line":12,"column":17},"end":{"line":12,"column":17}}]},"3":{"line":12,"type":"binary-expr","locations":[{"start":{"line":12,"column":21},"end":{"line":12,"column":30}},{"start":{"line":12,"column":34},"end":{"line":12,"column":51}}]}}},"d:\\Workspace\\Laicos\\Source\\ibhs\\post_disaster\\data_collector_admin\\api\\policies\\isAdmin.js":{"path":"d:\\Workspace\\Laicos\\Source\\ibhs\\post_disaster\\data_collector_admin\\api\\policies\\isAdmin.js","s":{"1":1,"2":1,"3":0,"4":0,"5":0,"6":0,"7":0,"8":0,"9":0},"b":{"1":[0,0],"2":[0,0],"3":[0,0,0,0]},"f":{"1":0,"2":0},"fnMap":{"1":{"name":"(anonymous_1)","line":6,"loc":{"start":{"line":6,"column":17},"end":{"line":6,"column":43}}},"2":{"name":"(anonymous_2)","line":10,"loc":{"start":{"line":10,"column":4},"end":{"line":10,"column":29}}}},"statementMap":{"1":{"start":{"line":4,"column":0},"end":{"line":4,"column":35}},"2":{"start":{"line":6,"column":0},"end":{"line":25,"column":2}},"3":{"start":{"line":7,"column":2},"end":{"line":23,"column":20}},"4":{"start":{"line":12,"column":6},"end":{"line":19,"column":7}},"5":{"start":{"line":13,"column":8},"end":{"line":13,"column":63}},"6":{"start":{"line":14,"column":13},"end":{"line":19,"column":7}},"7":{"start":{"line":18,"column":8},"end":{"line":18,"column":74}},"8":{"start":{"line":20,"column":6},"end":{"line":20,"column":42}},"9":{"start":{"line":21,"column":6},"end":{"line":21,"column":13}}},"branchMap":{"1":{"line":12,"type":"if","locations":[{"start":{"line":12,"column":6},"end":{"line":12,"column":6}},{"start":{"line":12,"column":6},"end":{"line":12,"column":6}}]},"2":{"line":14,"type":"if","locations":[{"start":{"line":14,"column":13},"end":{"line":14,"column":13}},{"start":{"line":14,"column":13},"end":{"line":14,"column":13}}]},"3":{"line":14,"type":"binary-expr","locations":[{"start":{"line":14,"column":17},"end":{"line":14,"column":26}},{"start":{"line":15,"column":11},"end":{"line":15,"column":28}},{"start":{"line":16,"column":11},"end":{"line":16,"column":40}},{"start":{"line":17,"column":11},"end":{"line":17,"column":48}}]}}},"d:\\Workspace\\Laicos\\Source\\ibhs\\post_disaster\\data_collector_admin\\api\\policies\\isAdminOrOwner.js":{"path":"d:\\Workspace\\Laicos\\Source\\ibhs\\post_disaster\\data_collector_admin\\api\\policies\\isAdminOrOwner.js","s":{"1":1,"2":1,"3":0,"4":0,"5":0,"6":0,"7":0,"8":0,"9":0},"b":{"1":[0,0],"2":[0,0],"3":[0,0,0,0,0]},"f":{"1":0,"2":0},"fnMap":{"1":{"name":"(anonymous_1)","line":6,"loc":{"start":{"line":6,"column":17},"end":{"line":6,"column":43}}},"2":{"name":"(anonymous_2)","line":10,"loc":{"start":{"line":10,"column":4},"end":{"line":10,"column":29}}}},"statementMap":{"1":{"start":{"line":4,"column":0},"end":{"line":4,"column":35}},"2":{"start":{"line":6,"column":0},"end":{"line":24,"column":2}},"3":{"start":{"line":7,"column":2},"end":{"line":22,"column":20}},"4":{"start":{"line":11,"column":6},"end":{"line":18,"column":7}},"5":{"start":{"line":12,"column":8},"end":{"line":12,"column":63}},"6":{"start":{"line":13,"column":13},"end":{"line":18,"column":7}},"7":{"start":{"line":17,"column":8},"end":{"line":17,"column":74}},"8":{"start":{"line":19,"column":6},"end":{"line":19,"column":42}},"9":{"start":{"line":20,"column":6},"end":{"line":20,"column":13}}},"branchMap":{"1":{"line":11,"type":"if","locations":[{"start":{"line":11,"column":6},"end":{"line":11,"column":6}},{"start":{"line":11,"column":6},"end":{"line":11,"column":6}}]},"2":{"line":13,"type":"if","locations":[{"start":{"line":13,"column":13},"end":{"line":13,"column":13}},{"start":{"line":13,"column":13},"end":{"line":13,"column":13}}]},"3":{"line":13,"type":"binary-expr","locations":[{"start":{"line":13,"column":17},"end":{"line":13,"column":26}},{"start":{"line":14,"column":11},"end":{"line":14,"column":28}},{"start":{"line":15,"column":11},"end":{"line":15,"column":40}},{"start":{"line":16,"column":12},"end":{"line":16,"column":49}},{"start":{"line":16,"column":53},"end":{"line":16,"column":94}}]}}},"d:\\Workspace\\Laicos\\Source\\ibhs\\post_disaster\\data_collector_admin\\api\\policies\\sessionAuth.js":{"path":"d:\\Workspace\\Laicos\\Source\\ibhs\\post_disaster\\data_collector_admin\\api\\policies\\sessionAuth.js","s":{"1":1,"2":0,"3":0,"4":0},"b":{"1":[0,0]},"f":{"1":0},"fnMap":{"1":{"name":"(anonymous_1)","line":10,"loc":{"start":{"line":10,"column":17},"end":{"line":10,"column":42}}}},"statementMap":{"1":{"start":{"line":10,"column":0},"end":{"line":21,"column":2}},"2":{"start":{"line":14,"column":2},"end":{"line":16,"column":3}},"3":{"start":{"line":15,"column":4},"end":{"line":15,"column":18}},"4":{"start":{"line":20,"column":2},"end":{"line":20,"column":72}}},"branchMap":{"1":{"line":14,"type":"if","locations":[{"start":{"line":14,"column":2},"end":{"line":14,"column":2}},{"start":{"line":14,"column":2},"end":{"line":14,"column":2}}]}}},"d:\\Workspace\\Laicos\\Source\\ibhs\\post_disaster\\data_collector_admin\\api\\policies\\urlToken.js":{"path":"d:\\Workspace\\Laicos\\Source\\ibhs\\post_disaster\\data_collector_admin\\api\\policies\\urlToken.js","s":{"1":1,"2":0,"3":0,"4":0,"5":0,"6":0,"7":0,"8":0,"9":0,"10":0,"11":0},"b":{"1":[0,0],"2":[0,0]},"f":{"1":0,"2":0,"3":0},"fnMap":{"1":{"name":"(anonymous_1)","line":5,"loc":{"start":{"line":5,"column":17},"end":{"line":5,"column":43}}},"2":{"name":"(anonymous_2)","line":12,"loc":{"start":{"line":12,"column":50},"end":{"line":12,"column":69}}},"3":{"name":"(anonymous_3)","line":22,"loc":{"start":{"line":22,"column":11},"end":{"line":22,"column":24}}}},"statementMap":{"1":{"start":{"line":5,"column":0},"end":{"line":31,"column":2}},"2":{"start":{"line":7,"column":4},"end":{"line":29,"column":5}},"3":{"start":{"line":9,"column":8},"end":{"line":9,"column":78}},"4":{"start":{"line":12,"column":8},"end":{"line":24,"column":11}},"5":{"start":{"line":14,"column":12},"end":{"line":21,"column":13}},"6":{"start":{"line":15,"column":16},"end":{"line":15,"column":51}},"7":{"start":{"line":16,"column":16},"end":{"line":16,"column":30}},"8":{"start":{"line":19,"column":16},"end":{"line":19,"column":87}},"9":{"start":{"line":20,"column":16},"end":{"line":20,"column":68}},"10":{"start":{"line":23,"column":12},"end":{"line":23,"column":49}},"11":{"start":{"line":28,"column":8},"end":{"line":28,"column":53}}},"branchMap":{"1":{"line":9,"type":"binary-expr","locations":[{"start":{"line":9,"column":27},"end":{"line":9,"column":50}},{"start":{"line":9,"column":54},"end":{"line":9,"column":76}}]},"2":{"line":14,"type":"if","locations":[{"start":{"line":14,"column":12},"end":{"line":14,"column":12}},{"start":{"line":14,"column":12},"end":{"line":14,"column":12}}]}}}}